2020-05-04 09:30:12 Mon , ERROR , getNewsData.py getAllNews line 81 , error
2020-05-04 09:30:23 Mon , ERROR , getNewsData.py getAllNews line 81 , error
2020-05-04 10:00:13 Mon , ERROR , getNewsData.py getAllNews line 81 , error
2020-05-04 10:00:23 Mon , ERROR , getNewsData.py getAllNews line 81 , error
2020-05-04 10:30:13 Mon , ERROR , getNewsData.py getAllNews line 81 , error
2020-05-04 10:30:23 Mon , ERROR , getNewsData.py getAllNews line 81 , error
2020-05-04 11:00:13 Mon , ERROR , getNewsData.py getAllNews line 81 , error
2020-05-04 11:00:23 Mon , ERROR , getNewsData.py getAllNews line 81 , error
2020-05-04 11:30:13 Mon , ERROR , getNewsData.py getAllNews line 81 , error
2020-05-04 11:30:23 Mon , ERROR , getNewsData.py getAllNews line 81 , error
2020-05-04 12:00:13 Mon , ERROR , getNewsData.py getAllNews line 81 , error
2020-05-04 12:00:23 Mon , ERROR , getNewsData.py getAllNews line 81 , error
2020-05-04 12:30:12 Mon , ERROR , getNewsData.py getAllNews line 81 , error
2020-05-04 12:30:22 Mon , ERROR , getNewsData.py getAllNews line 81 , error
2020-05-04 13:00:12 Mon , ERROR , getNewsData.py getAllNews line 81 , error
2020-05-04 13:00:22 Mon , ERROR , getNewsData.py getAllNews line 81 , error
2020-05-04 13:30:12 Mon , ERROR , getNewsData.py getAllNews line 81 , error
2020-05-04 13:30:22 Mon , ERROR , getNewsData.py getAllNews line 81 , error
2020-05-04 14:00:12 Mon , ERROR , getNewsData.py getAllNews line 81 , error
2020-05-04 14:00:22 Mon , ERROR , getNewsData.py getAllNews line 81 , error
2020-05-04 14:30:12 Mon , ERROR , getNewsData.py getAllNews line 81 , error
2020-05-04 14:30:23 Mon , ERROR , getNewsData.py getAllNews line 81 , error
2020-05-04 15:00:12 Mon , ERROR , getNewsData.py getAllNews line 81 , error
2020-05-04 15:00:23 Mon , ERROR , getNewsData.py getAllNews line 81 , error
2020-05-04 15:30:12 Mon , ERROR , getNewsData.py getAllNews line 81 , error
2020-05-04 15:30:23 Mon , ERROR , getNewsData.py getAllNews line 81 , error
2020-05-04 16:00:12 Mon , ERROR , getNewsData.py getAllNews line 81 , error
2020-05-04 16:00:23 Mon , ERROR , getNewsData.py getAllNews line 81 , error
2020-05-04 16:30:12 Mon , ERROR , getNewsData.py getAllNews line 81 , error
2020-05-04 16:30:23 Mon , ERROR , getNewsData.py getAllNews line 81 , error
2020-05-04 17:00:12 Mon , ERROR , getNewsData.py getAllNews line 81 , error
2020-05-04 17:00:22 Mon , ERROR , getNewsData.py getAllNews line 81 , error
2020-05-04 17:30:12 Mon , ERROR , getNewsData.py getAllNews line 81 , error
2020-05-04 17:30:23 Mon , ERROR , getNewsData.py getAllNews line 81 , error
2020-05-04 18:00:12 Mon , ERROR , getNewsData.py getAllNews line 81 , error
2020-05-04 18:00:23 Mon , ERROR , getNewsData.py getAllNews line 81 , error
2020-05-04 18:30:13 Mon , ERROR , getNewsData.py getAllNews line 81 , error
2020-05-04 18:30:23 Mon , ERROR , getNewsData.py getAllNews line 81 , error
2020-05-05 08:00:13 Tue , ERROR , getNewsData.py getAllNews line 81 , error
2020-05-05 08:00:23 Tue , ERROR , getNewsData.py getAllNews line 81 , error
2020-05-05 08:30:13 Tue , ERROR , getNewsData.py getAllNews line 81 , error
2020-05-05 08:30:23 Tue , ERROR , getNewsData.py getAllNews line 81 , error
2020-05-05 09:00:12 Tue , ERROR , getNewsData.py getAllNews line 81 , error
2020-05-05 09:00:23 Tue , ERROR , getNewsData.py getAllNews line 81 , error
2020-05-05 09:30:13 Tue , ERROR , getNewsData.py getAllNews line 81 , error
2020-05-05 09:30:23 Tue , ERROR , getNewsData.py getAllNews line 81 , error
2020-05-05 10:00:13 Tue , ERROR , getNewsData.py getAllNews line 81 , error
2020-05-05 10:00:23 Tue , ERROR , getNewsData.py getAllNews line 81 , error
2020-05-05 10:30:12 Tue , ERROR , getNewsData.py getAllNews line 81 , error
2020-05-05 10:30:22 Tue , ERROR , getNewsData.py getAllNews line 81 , error
2020-05-05 11:00:12 Tue , ERROR , getNewsData.py getAllNews line 81 , error
2020-05-05 11:00:22 Tue , ERROR , getNewsData.py getAllNews line 81 , error
2020-05-05 11:30:13 Tue , ERROR , getNewsData.py getAllNews line 81 , error
2020-05-05 11:30:23 Tue , ERROR , getNewsData.py getAllNews line 81 , error
2020-05-05 12:00:12 Tue , ERROR , getNewsData.py getAllNews line 81 , error
2020-05-05 12:00:22 Tue , ERROR , getNewsData.py getAllNews line 81 , error
2020-05-05 12:30:12 Tue , ERROR , getNewsData.py getAllNews line 81 , error
2020-05-05 12:30:23 Tue , ERROR , getNewsData.py getAllNews line 81 , error
2020-05-05 13:00:13 Tue , ERROR , getNewsData.py getAllNews line 81 , error
2020-05-05 13:00:23 Tue , ERROR , getNewsData.py getAllNews line 81 , error
2020-05-05 13:30:13 Tue , ERROR , getNewsData.py getAllNews line 81 , error
2020-05-05 13:30:23 Tue , ERROR , getNewsData.py getAllNews line 81 , error
2020-05-05 14:00:13 Tue , ERROR , getNewsData.py getAllNews line 81 , error
2020-05-05 14:00:23 Tue , ERROR , getNewsData.py getAllNews line 81 , error
2020-05-05 14:30:13 Tue , ERROR , getNewsData.py getAllNews line 81 , error
2020-05-05 14:30:23 Tue , ERROR , getNewsData.py getAllNews line 81 , error
2020-05-05 15:00:13 Tue , ERROR , getNewsData.py getAllNews line 81 , error
2020-05-05 15:00:23 Tue , ERROR , getNewsData.py getAllNews line 81 , error
2020-05-05 15:30:13 Tue , ERROR , getNewsData.py getAllNews line 81 , error
2020-05-05 15:30:23 Tue , ERROR , getNewsData.py getAllNews line 81 , error
2020-05-05 16:00:13 Tue , ERROR , getNewsData.py getAllNews line 81 , error
2020-05-05 16:00:23 Tue , ERROR , getNewsData.py getAllNews line 81 , error
2020-05-05 16:30:13 Tue , ERROR , getNewsData.py getAllNews line 81 , error
2020-05-05 16:30:23 Tue , ERROR , getNewsData.py getAllNews line 81 , error
2020-05-05 17:00:13 Tue , ERROR , getNewsData.py getAllNews line 81 , error
2020-05-05 17:00:23 Tue , ERROR , getNewsData.py getAllNews line 81 , error
2020-05-05 17:30:13 Tue , ERROR , getNewsData.py getAllNews line 81 , error
2020-05-05 17:30:23 Tue , ERROR , getNewsData.py getAllNews line 81 , error
2020-05-05 18:00:13 Tue , ERROR , getNewsData.py getAllNews line 81 , error
2020-05-05 18:00:23 Tue , ERROR , getNewsData.py getAllNews line 81 , error
2020-05-05 18:30:13 Tue , ERROR , getNewsData.py getAllNews line 81 , error
2020-05-05 18:30:23 Tue , ERROR , getNewsData.py getAllNews line 81 , error
2020-05-06 08:00:02 Wed , INFO , getNewsData.py getAllNews line 76 , 添加成功
2020-05-06 08:00:02 Wed , INFO , getNewsData.py getAllNews line 76 , 添加成功
2020-05-06 08:00:02 Wed , INFO , getNewsData.py getAllNews line 76 , 添加成功
2020-05-06 08:00:13 Wed , ERROR , getNewsData.py getAllNews line 81 , error
2020-05-06 08:30:13 Wed , ERROR , getNewsData.py getAllNews line 81 , error
2020-05-06 09:00:13 Wed , ERROR , getNewsData.py getAllNews line 81 , error
2020-05-06 09:30:12 Wed , ERROR , getNewsData.py getAllNews line 81 , error
2020-05-06 10:00:12 Wed , ERROR , getNewsData.py getAllNews line 81 , error
2020-05-06 10:00:22 Wed , ERROR , getNewsData.py getAllNews line 81 , error
2020-05-06 10:00:22 Wed , INFO , getNewsData.py getAllNews line 76 , 添加成功
2020-05-06 10:00:23 Wed , INFO , getNewsData.py getAllNews line 76 , 添加成功
2020-05-06 10:30:02 Wed , INFO , getNewsData.py getAllNews line 76 , 添加成功
2020-05-06 10:30:12 Wed , ERROR , getNewsData.py getAllNews line 81 , error
2020-05-06 10:30:23 Wed , ERROR , getNewsData.py getAllNews line 81 , error
2020-05-06 11:00:13 Wed , ERROR , getNewsData.py getAllNews line 81 , error
2020-05-06 11:00:23 Wed , ERROR , getNewsData.py getAllNews line 81 , error
2020-05-06 11:30:02 Wed , INFO , getNewsData.py getAllNews line 76 , 添加成功
2020-05-06 11:30:12 Wed , ERROR , getNewsData.py getAllNews line 81 , error
2020-05-06 11:30:22 Wed , ERROR , getNewsData.py getAllNews line 81 , error
2020-05-06 12:00:02 Wed , INFO , getNewsData.py getAllNews line 76 , 添加成功
2020-05-06 12:00:13 Wed , ERROR , getNewsData.py getAllNews line 81 , error
2020-05-06 12:30:13 Wed , ERROR , getNewsData.py getAllNews line 81 , error
2020-05-06 13:00:13 Wed , ERROR , getNewsData.py getAllNews line 81 , error
2020-05-06 13:30:02 Wed , INFO , getNewsData.py getAllNews line 76 , 添加成功
2020-05-06 13:30:13 Wed , ERROR , getNewsData.py getAllNews line 81 , error
2020-05-06 13:30:13 Wed , INFO , getNewsData.py getAllNews line 76 , 添加成功
2020-05-06 14:00:02 Wed , INFO , getNewsData.py getAllNews line 76 , 添加成功
2020-05-06 14:00:13 Wed , ERROR , getNewsData.py getAllNews line 81 , error
2020-05-06 14:30:13 Wed , ERROR , getNewsData.py getAllNews line 81 , error
2020-05-06 15:00:13 Wed , ERROR , getNewsData.py getAllNews line 81 , error
2020-05-06 15:30:13 Wed , ERROR , getNewsData.py getAllNews line 81 , error
2020-05-06 16:00:12 Wed , ERROR , getNewsData.py getAllNews line 81 , error
2020-05-06 16:30:12 Wed , ERROR , getNewsData.py getAllNews line 81 , error
2020-05-06 17:00:12 Wed , ERROR , getNewsData.py getAllNews line 81 , error
2020-05-06 17:30:02 Wed , INFO , getNewsData.py getAllNews line 76 , 添加成功
2020-05-06 17:30:02 Wed , INFO , getNewsData.py getAllNews line 76 , 添加成功
2020-05-06 18:00:02 Wed , INFO , getNewsData.py getAllNews line 76 , 添加成功
2020-05-06 18:00:13 Wed , ERROR , getNewsData.py getAllNews line 81 , error
2020-05-06 18:00:23 Wed , ERROR , getNewsData.py getAllNews line 81 , error
2020-05-06 18:00:23 Wed , INFO , getNewsData.py getAllNews line 76 , 添加成功
2020-05-06 18:30:13 Wed , ERROR , getNewsData.py getAllNews line 81 , error
2020-05-06 18:30:23 Wed , ERROR , getNewsData.py getAllNews line 81 , error
2020-05-07 08:00:12 Thu , ERROR , getNewsData.py getAllNews line 81 , error
2020-05-07 08:00:23 Thu , ERROR , getNewsData.py getAllNews line 81 , error
2020-05-07 08:30:02 Thu , INFO , getNewsData.py getAllNews line 76 , 添加成功
2020-05-07 08:30:13 Thu , ERROR , getNewsData.py getAllNews line 81 , error
2020-05-07 09:00:13 Thu , ERROR , getNewsData.py getAllNews line 81 , error
2020-05-07 09:30:13 Thu , ERROR , getNewsData.py getAllNews line 81 , error
2020-05-07 10:00:02 Thu , INFO , getNewsData.py getAllNews line 76 , 添加成功
2020-05-07 10:00:03 Thu , INFO , getNewsData.py getAllNews line 76 , 添加成功
2020-05-07 10:00:13 Thu , ERROR , getNewsData.py getAllNews line 81 , error
2020-05-07 10:30:02 Thu , INFO , getNewsData.py getAllNews line 76 , 添加成功
2020-05-07 10:30:13 Thu , ERROR , getNewsData.py getAllNews line 81 , error
2020-05-07 10:30:23 Thu , ERROR , getNewsData.py getAllNews line 81 , error
2020-05-07 11:00:12 Thu , ERROR , getNewsData.py getAllNews line 81 , error
2020-05-07 11:00:23 Thu , ERROR , getNewsData.py getAllNews line 81 , error
2020-05-07 11:30:02 Thu , INFO , getNewsData.py getAllNews line 76 , 添加成功
2020-05-07 11:30:13 Thu , ERROR , getNewsData.py getAllNews line 81 , error
2020-05-07 11:30:23 Thu , ERROR , getNewsData.py getAllNews line 81 , error
2020-05-07 12:00:12 Thu , ERROR , getNewsData.py getAllNews line 81 , error
2020-05-07 12:00:23 Thu , ERROR , getNewsData.py getAllNews line 81 , error
2020-05-07 12:30:02 Thu , INFO , getNewsData.py getAllNews line 76 , 添加成功
2020-05-07 12:30:12 Thu , ERROR , getNewsData.py getAllNews line 81 , error
2020-05-07 13:00:12 Thu , ERROR , getNewsData.py getAllNews line 81 , error
2020-05-07 13:30:12 Thu , ERROR , getNewsData.py getAllNews line 81 , error
2020-05-07 14:00:12 Thu , ERROR , getNewsData.py getAllNews line 81 , error
2020-05-07 14:30:12 Thu , ERROR , getNewsData.py getAllNews line 81 , error
2020-05-07 14:30:12 Thu , INFO , getNewsData.py getAllNews line 76 , 添加成功
2020-05-07 14:30:23 Thu , ERROR , getNewsData.py getAllNews line 81 , error
2020-05-07 15:00:02 Thu , INFO , getNewsData.py getAllNews line 76 , 添加成功
2020-05-07 15:00:02 Thu , INFO , getNewsData.py getAllNews line 76 , 添加成功
2020-05-07 15:00:13 Thu , ERROR , getNewsData.py getAllNews line 81 , error
2020-05-07 15:30:12 Thu , ERROR , getNewsData.py getAllNews line 81 , error
2020-05-07 15:30:12 Thu , INFO , getNewsData.py getAllNews line 76 , 添加成功
2020-05-07 15:30:13 Thu , INFO , getNewsData.py getAllNews line 76 , 添加成功
2020-05-07 16:00:02 Thu , INFO , getNewsData.py getAllNews line 76 , 添加成功
2020-05-07 16:00:12 Thu , ERROR , getNewsData.py getAllNews line 81 , error
2020-05-07 16:30:12 Thu , ERROR , getNewsData.py getAllNews line 81 , error
2020-05-07 17:00:02 Thu , INFO , getNewsData.py getAllNews line 76 , 添加成功
2020-05-07 17:00:02 Thu , INFO , getNewsData.py getAllNews line 76 , 添加成功
2020-05-07 17:00:12 Thu , ERROR , getNewsData.py getAllNews line 81 , error
2020-05-07 17:00:23 Thu , ERROR , getNewsData.py getAllNews line 81 , error
2020-05-07 17:00:23 Thu , INFO , getNewsData.py getAllNews line 76 , 添加成功
2020-05-07 17:30:12 Thu , ERROR , getNewsData.py getAllNews line 81 , error
2020-05-07 17:30:23 Thu , ERROR , getNewsData.py getAllNews line 81 , error
2020-05-07 18:00:12 Thu , ERROR , getNewsData.py getAllNews line 81 , error
2020-05-07 18:00:23 Thu , ERROR , getNewsData.py getAllNews line 81 , error
2020-05-07 18:30:13 Thu , ERROR , getNewsData.py getAllNews line 81 , error
2020-05-07 18:30:23 Thu , ERROR , getNewsData.py getAllNews line 81 , error
2020-05-08 08:00:02 Fri , INFO , getNewsData.py getAllNews line 76 , 添加成功
2020-05-08 08:00:12 Fri , ERROR , getNewsData.py getAllNews line 81 , error
2020-05-08 08:00:22 Fri , ERROR , getNewsData.py getAllNews line 81 , error
2020-05-08 08:00:33 Fri , ERROR , getNewsData.py getAllNews line 81 , error
2020-05-08 08:30:12 Fri , ERROR , getNewsData.py getAllNews line 81 , error
2020-05-08 08:30:23 Fri , ERROR , getNewsData.py getAllNews line 81 , error
2020-05-08 09:00:13 Fri , ERROR , getNewsData.py getAllNews line 81 , error
2020-05-08 09:00:23 Fri , ERROR , getNewsData.py getAllNews line 81 , error
2020-05-08 09:30:12 Fri , ERROR , getNewsData.py getAllNews line 81 , error
2020-05-08 09:30:22 Fri , ERROR , getNewsData.py getAllNews line 81 , error
2020-05-08 10:00:12 Fri , ERROR , getNewsData.py getAllNews line 81 , error
2020-05-08 10:00:22 Fri , ERROR , getNewsData.py getAllNews line 81 , error
2020-05-08 10:00:33 Fri , ERROR , getNewsData.py getAllNews line 81 , error
2020-05-08 10:00:33 Fri , INFO , getNewsData.py getAllNews line 76 , 添加成功
2020-05-08 10:30:02 Fri , INFO , getNewsData.py getAllNews line 76 , 添加成功
2020-05-08 11:00:12 Fri , ERROR , getNewsData.py getAllNews line 81 , error
2020-05-08 11:00:12 Fri , INFO , getNewsData.py getAllNews line 76 , 添加成功
2020-05-08 11:30:02 Fri , INFO , getNewsData.py getAllNews line 76 , 添加成功
2020-05-08 12:00:12 Fri , ERROR , getNewsData.py getAllNews line 81 , error
2020-05-08 12:30:12 Fri , ERROR , getNewsData.py getAllNews line 81 , error
2020-05-08 13:00:11 Fri , ERROR , getNewsData.py getAllNews line 81 , error
2020-05-08 13:30:12 Fri , ERROR , getNewsData.py getAllNews line 81 , error
2020-05-08 14:00:02 Fri , INFO , getNewsData.py getAllNews line 76 , 添加成功
2020-05-08 14:00:02 Fri , INFO , getNewsData.py getAllNews line 76 , 添加成功
2020-05-08 14:00:13 Fri , ERROR , getNewsData.py getAllNews line 81 , error
2020-05-08 14:00:13 Fri , INFO , getNewsData.py getAllNews line 76 , 添加成功
2020-05-08 14:00:13 Fri , INFO , getNewsData.py getAllNews line 76 , 添加成功
2020-05-08 14:00:23 Fri , ERROR , getNewsData.py getAllNews line 81 , error
2020-05-08 14:30:12 Fri , ERROR , getNewsData.py getAllNews line 81 , error
2020-05-08 14:30:12 Fri , INFO , getNewsData.py getAllNews line 76 , 添加成功
2020-05-08 14:30:23 Fri , ERROR , getNewsData.py getAllNews line 81 , error
2020-05-08 16:00:12 Fri , ERROR , getNewsData.py getAllNews line 81 , error
2020-05-08 16:00:12 Fri , INFO , getNewsData.py getAllNews line 76 , 添加成功
2020-05-08 16:00:12 Fri , INFO , getNewsData.py getAllNews line 76 , 添加成功
2020-05-08 16:00:22 Fri , ERROR , getNewsData.py getAllNews line 81 , error
2020-05-08 16:00:33 Fri , ERROR , getNewsData.py getAllNews line 81 , error
2020-05-08 16:00:43 Fri , ERROR , getNewsData.py getAllNews line 81 , error
2020-05-08 17:30:02 Fri , INFO , getNewsData.py getAllNews line 76 , 添加成功
2020-05-08 17:30:02 Fri , INFO , getNewsData.py getAllNews line 76 , 添加成功
2020-05-08 17:30:02 Fri , INFO , getNewsData.py getAllNews line 76 , 添加成功
2020-05-08 17:30:13 Fri , ERROR , getNewsData.py getAllNews line 81 , error
2020-05-08 17:30:23 Fri , ERROR , getNewsData.py getAllNews line 81 , error
2020-05-08 17:30:33 Fri , ERROR , getNewsData.py getAllNews line 81 , error
2020-05-08 18:00:02 Fri , INFO , getNewsData.py getAllNews line 76 , 添加成功
2020-05-08 18:00:13 Fri , ERROR , getNewsData.py getAllNews line 81 , error
2020-05-08 18:00:23 Fri , ERROR , getNewsData.py getAllNews line 81 , error
2020-05-08 18:00:34 Fri , ERROR , getNewsData.py getAllNews line 81 , error
2020-05-08 18:30:12 Fri , ERROR , getNewsData.py getAllNews line 81 , error
2020-05-08 18:30:23 Fri , ERROR , getNewsData.py getAllNews line 81 , error
2020-05-08 18:30:33 Fri , ERROR , getNewsData.py getAllNews line 81 , error
2020-05-09 08:00:12 Sat , ERROR , getNewsData.py getAllNews line 81 , error
2020-05-09 08:00:22 Sat , ERROR , getNewsData.py getAllNews line 81 , error
2020-05-09 08:00:33 Sat , ERROR , getNewsData.py getAllNews line 81 , error
2020-05-09 08:00:43 Sat , ERROR , getNewsData.py getAllNews line 81 , error
2020-05-09 08:00:53 Sat , ERROR , getNewsData.py getAllNews line 81 , error
2020-05-09 08:01:03 Sat , ERROR , getNewsData.py getAllNews line 81 , error
2020-05-09 08:01:14 Sat , ERROR , getNewsData.py getAllNews line 81 , error
2020-05-09 08:30:12 Sat , ERROR , getNewsData.py getAllNews line 81 , error
2020-05-09 08:30:22 Sat , ERROR , getNewsData.py getAllNews line 81 , error
2020-05-09 08:30:33 Sat , ERROR , getNewsData.py getAllNews line 81 , error
2020-05-09 08:30:43 Sat , ERROR , getNewsData.py getAllNews line 81 , error
2020-05-09 08:30:53 Sat , ERROR , getNewsData.py getAllNews line 81 , error
2020-05-09 09:00:12 Sat , ERROR , getNewsData.py getAllNews line 81 , error
2020-05-09 09:00:23 Sat , ERROR , getNewsData.py getAllNews line 81 , error
2020-05-09 09:00:33 Sat , ERROR , getNewsData.py getAllNews line 81 , error
2020-05-09 09:00:43 Sat , ERROR , getNewsData.py getAllNews line 81 , error
2020-05-09 09:00:54 Sat , ERROR , getNewsData.py getAllNews line 81 , error
2020-05-09 09:30:02 Sat , INFO , getNewsData.py getAllNews line 76 , 添加成功
2020-05-09 09:30:12 Sat , ERROR , getNewsData.py getAllNews line 81 , error
2020-05-09 09:30:22 Sat , ERROR , getNewsData.py getAllNews line 81 , error
2020-05-09 09:30:32 Sat , ERROR , getNewsData.py getAllNews line 81 , error
2020-05-09 09:30:43 Sat , ERROR , getNewsData.py getAllNews line 81 , error
2020-05-09 09:30:53 Sat , ERROR , getNewsData.py getAllNews line 81 , error
2020-05-09 10:00:12 Sat , ERROR , getNewsData.py getAllNews line 81 , error
2020-05-09 10:00:23 Sat , ERROR , getNewsData.py getAllNews line 81 , error
2020-05-09 10:00:33 Sat , ERROR , getNewsData.py getAllNews line 81 , error
2020-05-09 10:00:33 Sat , INFO , getNewsData.py getAllNews line 76 , 添加成功
2020-05-09 10:00:43 Sat , ERROR , getNewsData.py getAllNews line 81 , error
2020-05-09 10:30:02 Sat , INFO , getNewsData.py getAllNews line 76 , 添加成功
2020-05-09 10:30:13 Sat , ERROR , getNewsData.py getAllNews line 81 , error
2020-05-09 10:30:13 Sat , INFO , getNewsData.py getAllNews line 76 , 添加成功
2020-05-09 10:30:13 Sat , INFO , getNewsData.py getAllNews line 76 , 添加成功
2020-05-09 10:30:24 Sat , ERROR , getNewsData.py getAllNews line 81 , error
2020-05-09 11:00:02 Sat , INFO , getNewsData.py getAllNews line 76 , 添加成功
2020-05-09 11:00:02 Sat , INFO , getNewsData.py getAllNews line 76 , 添加成功
2020-05-09 11:00:12 Sat , ERROR , getNewsData.py getAllNews line 81 , error
2020-05-09 11:00:23 Sat , ERROR , getNewsData.py getAllNews line 81 , error
2020-05-09 11:08:00 Sat , INFO , getNewsData.py getAllNews line 78 , 添加成功
2020-05-09 11:08:00 Sat , INFO , getNewsData.py getAllNews line 78 , 添加成功
2020-05-09 11:08:01 Sat , INFO , getNewsData.py getAllNews line 78 , 添加成功
2020-05-09 11:08:01 Sat , INFO , getNewsData.py getAllNews line 78 , 添加成功
2020-05-09 11:08:01 Sat , INFO , getNewsData.py getAllNews line 78 , 添加成功
2020-05-09 13:30:02 Sat , INFO , getNewsData.py getAllNews line 78 , 添加成功
2020-05-09 14:00:02 Sat , INFO , getNewsData.py getAllNews line 78 , 添加成功
2020-05-09 14:30:02 Sat , INFO , getNewsData.py getAllNews line 78 , 添加成功
2020-05-09 14:30:02 Sat , INFO , getNewsData.py getAllNews line 78 , 添加成功
2020-05-09 15:00:02 Sat , INFO , getNewsData.py getAllNews line 78 , 添加成功
2020-05-09 15:00:02 Sat , INFO , getNewsData.py getAllNews line 78 , 添加成功
2020-05-09 15:00:03 Sat , INFO , getNewsData.py getAllNews line 78 , 添加成功
2020-05-09 15:00:03 Sat , INFO , getNewsData.py getAllNews line 78 , 添加成功
2020-05-09 16:00:12 Sat , ERROR , getNewsData.py getAllNews line 83 , error
2020-05-09 16:00:12 Sat , INFO , getNewsData.py getAllNews line 78 , 添加成功
2020-05-09 16:30:02 Sat , INFO , getNewsData.py getAllNews line 78 , 添加成功
2020-05-09 16:30:02 Sat , INFO , getNewsData.py getAllNews line 78 , 添加成功
2020-05-09 16:30:13 Sat , ERROR , getNewsData.py getAllNews line 83 , error
2020-05-09 17:00:12 Sat , ERROR , getNewsData.py getAllNews line 83 , error
2020-05-09 17:30:12 Sat , ERROR , getNewsData.py getAllNews line 83 , error
2020-05-09 18:00:12 Sat , ERROR , getNewsData.py getAllNews line 83 , error
2020-05-09 18:30:13 Sat , ERROR , getNewsData.py getAllNews line 83 , error
2020-05-10 08:00:12 Sun , ERROR , getNewsData.py getAllNews line 83 , error
2020-05-10 08:30:12 Sun , ERROR , getNewsData.py getAllNews line 83 , error
2020-05-10 09:00:12 Sun , ERROR , getNewsData.py getAllNews line 83 , error
2020-05-10 09:00:13 Sun , INFO , getNewsData.py getAllNews line 78 , 添加成功
2020-05-10 09:00:23 Sun , ERROR , getNewsData.py getAllNews line 83 , error
2020-05-10 09:30:12 Sun , ERROR , getNewsData.py getAllNews line 83 , error
2020-05-10 12:30:12 Sun , ERROR , getNewsData.py getAllNews line 83 , error
2020-05-10 17:00:02 Sun , INFO , getNewsData.py getAllNews line 78 , 添加成功
2020-05-10 17:00:02 Sun , INFO , getNewsData.py getAllNews line 78 , 添加成功
2020-05-11 08:00:02 Mon , INFO , getNewsData.py getAllNews line 78 , 添加成功
2020-05-11 08:00:02 Mon , INFO , getNewsData.py getAllNews line 78 , 添加成功
2020-05-11 08:00:03 Mon , INFO , getNewsData.py getAllNews line 78 , 添加成功
2020-05-11 08:30:02 Mon , INFO , getNewsData.py getAllNews line 78 , 添加成功
2020-05-11 09:30:02 Mon , INFO , getNewsData.py getAllNews line 78 , 添加成功
2020-05-11 09:30:02 Mon , INFO , getNewsData.py getAllNews line 78 , 添加成功
2020-05-11 09:30:03 Mon , INFO , getNewsData.py getAllNews line 78 , 添加成功
2020-05-11 10:00:02 Mon , INFO , getNewsData.py getAllNews line 78 , 添加成功
2020-05-11 10:00:02 Mon , INFO , getNewsData.py getAllNews line 78 , 添加成功
2020-05-11 10:30:02 Mon , INFO , getNewsData.py getAllNews line 78 , 添加成功
2020-05-11 11:00:02 Mon , INFO , getNewsData.py getAllNews line 78 , 添加成功
2020-05-11 11:00:03 Mon , INFO , getNewsData.py getAllNews line 78 , 添加成功
2020-05-11 11:30:02 Mon , INFO , getNewsData.py getAllNews line 78 , 添加成功
2020-05-11 12:00:02 Mon , INFO , getNewsData.py getAllNews line 78 , 添加成功
2020-05-11 12:30:02 Mon , INFO , getNewsData.py getAllNews line 78 , 添加成功
2020-05-11 12:30:02 Mon , INFO , getNewsData.py getAllNews line 78 , 添加成功
2020-05-11 13:30:02 Mon , INFO , getNewsData.py getAllNews line 78 , 添加成功
2020-05-11 14:00:02 Mon , INFO , getNewsData.py getAllNews line 78 , 添加成功
2020-05-11 15:00:02 Mon , INFO , getNewsData.py getAllNews line 78 , 添加成功
2020-05-11 15:00:02 Mon , INFO , getNewsData.py getAllNews line 78 , 添加成功
2020-05-11 16:00:02 Mon , INFO , getNewsData.py getAllNews line 78 , 添加成功
2020-05-11 16:30:02 Mon , INFO , getNewsData.py getAllNews line 78 , 添加成功
2020-05-11 17:00:03 Mon , INFO , getNewsData.py getAllNews line 78 , 添加成功
2020-05-12 08:00:12 Tue , ERROR , getNewsData.py getAllNews line 83 , error
2020-05-12 08:30:12 Tue , ERROR , getNewsData.py getAllNews line 83 , error
2020-05-12 09:00:12 Tue , ERROR , getNewsData.py getAllNews line 83 , error
2020-05-12 09:30:04 Tue , INFO , getNewsData.py getAllNews line 78 , 添加成功
2020-05-12 09:30:08 Tue , INFO , getNewsData.py getAllNews line 78 , 添加成功
2020-05-12 09:30:09 Tue , INFO , getNewsData.py getAllNews line 78 , 添加成功
2020-05-12 09:30:20 Tue , ERROR , getNewsData.py getAllNews line 83 , error
2020-05-12 10:00:02 Tue , INFO , getNewsData.py getAllNews line 78 , 添加成功
2020-05-12 10:00:13 Tue , ERROR , getNewsData.py getAllNews line 83 , error
2020-05-12 11:00:02 Tue , INFO , getNewsData.py getAllNews line 78 , 添加成功
2020-05-12 11:00:03 Tue , INFO , getNewsData.py getAllNews line 78 , 添加成功
2020-05-12 11:30:02 Tue , INFO , getNewsData.py getAllNews line 78 , 添加成功
2020-05-12 12:00:02 Tue , INFO , getNewsData.py getAllNews line 78 , 添加成功
2020-05-12 14:30:02 Tue , INFO , getNewsData.py getAllNews line 78 , 添加成功
2020-05-12 14:30:02 Tue , INFO , getNewsData.py getAllNews line 78 , 添加成功
2020-05-12 14:30:02 Tue , INFO , getNewsData.py getAllNews line 78 , 添加成功
2020-05-12 14:30:02 Tue , INFO , getNewsData.py getAllNews line 78 , 添加成功
2020-05-12 15:00:02 Tue , INFO , getNewsData.py getAllNews line 78 , 添加成功
2020-05-12 15:30:02 Tue , INFO , getNewsData.py getAllNews line 78 , 添加成功
2020-05-12 15:30:02 Tue , INFO , getNewsData.py getAllNews line 78 , 添加成功
2020-05-12 15:30:02 Tue , INFO , getNewsData.py getAllNews line 78 , 添加成功
2020-05-12 15:30:03 Tue , INFO , getNewsData.py getAllNews line 78 , 添加成功
2020-05-12 16:00:02 Tue , INFO , getNewsData.py getAllNews line 78 , 添加成功
2020-05-12 16:30:02 Tue , INFO , getNewsData.py getAllNews line 78 , 添加成功
2020-05-13 08:00:02 Wed , INFO , getNewsData.py getAllNews line 78 , 添加成功
2020-05-13 08:00:02 Wed , INFO , getNewsData.py getAllNews line 78 , 添加成功
2020-05-13 08:00:02 Wed , INFO , getNewsData.py getAllNews line 78 , 添加成功
2020-05-13 09:30:02 Wed , INFO , getNewsData.py getAllNews line 78 , 添加成功
2020-05-13 09:30:03 Wed , INFO , getNewsData.py getAllNews line 78 , 添加成功
2020-05-13 10:00:02 Wed , INFO , getNewsData.py getAllNews line 78 , 添加成功
2020-05-13 11:00:12 Wed , ERROR , getNewsData.py getAllNews line 83 , error
2020-05-13 11:30:12 Wed , ERROR , getNewsData.py getAllNews line 83 , error
2020-05-13 12:00:12 Wed , ERROR , getNewsData.py getAllNews line 83 , error
2020-05-13 12:30:02 Wed , INFO , getNewsData.py getAllNews line 78 , 添加成功
2020-05-13 12:30:02 Wed , INFO , getNewsData.py getAllNews line 78 , 添加成功
2020-05-13 12:30:13 Wed , ERROR , getNewsData.py getAllNews line 83 , error
2020-05-13 13:00:12 Wed , ERROR , getNewsData.py getAllNews line 83 , error
2020-05-13 13:30:13 Wed , ERROR , getNewsData.py getAllNews line 83 , error
2020-05-13 14:00:02 Wed , INFO , getNewsData.py getAllNews line 78 , 添加成功
2020-05-13 14:00:13 Wed , ERROR , getNewsData.py getAllNews line 83 , error
2020-05-13 14:30:02 Wed , INFO , getNewsData.py getAllNews line 78 , 添加成功
2020-05-13 14:30:03 Wed , INFO , getNewsData.py getAllNews line 78 , 添加成功
2020-05-13 14:30:03 Wed , INFO , getNewsData.py getAllNews line 78 , 添加成功
2020-05-13 17:30:02 Wed , INFO , getNewsData.py getAllNews line 78 , 添加成功
2020-05-13 17:30:02 Wed , INFO , getNewsData.py getAllNews line 78 , 添加成功
2020-05-14 08:00:03 Thu , INFO , getNewsData.py getAllNews line 78 , 添加成功
2020-05-14 08:30:02 Thu , INFO , getNewsData.py getAllNews line 78 , 添加成功
2020-05-14 08:30:03 Thu , INFO , getNewsData.py getAllNews line 78 , 添加成功
2020-05-14 08:30:03 Thu , INFO , getNewsData.py getAllNews line 78 , 添加成功
2020-05-14 10:00:02 Thu , INFO , getNewsData.py getAllNews line 78 , 添加成功
2020-05-14 10:00:02 Thu , INFO , getNewsData.py getAllNews line 78 , 添加成功
2020-05-14 10:00:03 Thu , INFO , getNewsData.py getAllNews line 78 , 添加成功
2020-05-14 10:30:01 Thu , INFO , getNewsData.py getAllNews line 78 , 添加成功
2020-05-14 11:30:02 Thu , INFO , getNewsData.py getAllNews line 78 , 添加成功
2020-05-14 11:30:02 Thu , INFO , getNewsData.py getAllNews line 78 , 添加成功
2020-05-14 14:00:01 Thu , INFO , getNewsData.py getAllNews line 78 , 添加成功
2020-05-14 14:00:02 Thu , INFO , getNewsData.py getAllNews line 78 , 添加成功
2020-05-14 14:00:02 Thu , INFO , getNewsData.py getAllNews line 78 , 添加成功
2020-05-14 14:30:01 Thu , INFO , getNewsData.py getAllNews line 78 , 添加成功
2020-05-14 15:00:01 Thu , INFO , getNewsData.py getAllNews line 78 , 添加成功
2020-05-14 16:00:02 Thu , INFO , getNewsData.py getAllNews line 78 , 添加成功
2020-05-14 18:30:02 Thu , INFO , getNewsData.py getAllNews line 78 , 添加成功
2020-05-15 08:00:02 Fri , INFO , getNewsData.py getAllNews line 78 , 添加成功
2020-05-15 08:30:02 Fri , INFO , getNewsData.py getAllNews line 78 , 添加成功
2020-05-15 12:30:02 Fri , INFO , getNewsData.py getAllNews line 78 , 添加成功
2020-05-15 12:30:03 Fri , INFO , getNewsData.py getAllNews line 78 , 添加成功
2020-05-15 13:00:02 Fri , INFO , getNewsData.py getAllNews line 78 , 添加成功
2020-05-15 13:00:02 Fri , INFO , getNewsData.py getAllNews line 78 , 添加成功
2020-05-15 15:00:02 Fri , INFO , getNewsData.py getAllNews line 78 , 添加成功
2020-05-15 15:00:02 Fri , INFO , getNewsData.py getAllNews line 78 , 添加成功
2020-05-15 15:00:03 Fri , INFO , getNewsData.py getAllNews line 78 , 添加成功
2020-05-15 15:00:03 Fri , INFO , getNewsData.py getAllNews line 78 , 添加成功
2020-05-15 15:30:02 Fri , INFO , getNewsData.py getAllNews line 78 , 添加成功
2020-05-16 15:30:02 Sat , INFO , getNewsData.py getAllNews line 78 , 添加成功
2020-05-18 08:00:02 Mon , INFO , getNewsData.py getAllNews line 78 , 添加成功
2020-05-18 10:00:02 Mon , INFO , getNewsData.py getAllNews line 78 , 添加成功
2020-05-18 14:00:02 Mon , INFO , getNewsData.py getAllNews line 78 , 添加成功
2020-05-18 16:30:02 Mon , INFO , getNewsData.py getAllNews line 78 , 添加成功
2020-05-18 17:00:02 Mon , INFO , getNewsData.py getAllNews line 78 , 添加成功
2020-05-18 17:00:02 Mon , INFO , getNewsData.py getAllNews line 78 , 添加成功
2020-05-18 17:00:03 Mon , INFO , getNewsData.py getAllNews line 78 , 添加成功
2020-05-18 17:30:02 Mon , INFO , getNewsData.py getAllNews line 78 , 添加成功
2020-05-18 17:30:02 Mon , INFO , getNewsData.py getAllNews line 78 , 添加成功
2020-05-18 17:30:02 Mon , INFO , getNewsData.py getAllNews line 78 , 添加成功
2020-05-18 17:30:02 Mon , INFO , getNewsData.py getAllNews line 78 , 添加成功
2020-05-18 17:30:03 Mon , INFO , getNewsData.py getAllNews line 78 , 添加成功
2020-05-19 08:00:02 Tue , INFO , getNewsData.py getAllNews line 78 , 添加成功
2020-05-19 09:30:12 Tue , ERROR , getNewsData.py getAllNews line 83 , error
2020-05-19 09:30:13 Tue , INFO , getNewsData.py getAllNews line 78 , 添加成功
2020-05-19 10:00:02 Tue , INFO , getNewsData.py getAllNews line 78 , 添加成功
2020-05-19 10:00:12 Tue , ERROR , getNewsData.py getAllNews line 83 , error
2020-05-19 10:30:13 Tue , ERROR , getNewsData.py getAllNews line 83 , error
2020-05-19 11:00:02 Tue , INFO , getNewsData.py getAllNews line 78 , 添加成功
2020-05-19 11:00:02 Tue , INFO , getNewsData.py getAllNews line 78 , 添加成功
2020-05-19 11:00:13 Tue , ERROR , getNewsData.py getAllNews line 83 , error
2020-05-19 11:30:14 Tue , ERROR , getNewsData.py getAllNews line 83 , error
2020-05-19 12:00:02 Tue , INFO , getNewsData.py getAllNews line 78 , 添加成功
2020-05-19 12:00:03 Tue , INFO , getNewsData.py getAllNews line 78 , 添加成功
2020-05-19 15:30:02 Tue , INFO , getNewsData.py getAllNews line 78 , 添加成功
2020-05-19 15:30:02 Tue , INFO , getNewsData.py getAllNews line 78 , 添加成功
2020-05-19 18:30:03 Tue , INFO , getNewsData.py getAllNews line 78 , 添加成功
2020-05-20 08:00:02 Wed , INFO , getNewsData.py getAllNews line 78 , 添加成功
2020-05-20 08:00:02 Wed , INFO , getNewsData.py getAllNews line 78 , 添加成功
2020-05-20 08:00:02 Wed , INFO , getNewsData.py getAllNews line 78 , 添加成功
2020-05-20 08:00:03 Wed , INFO , getNewsData.py getAllNews line 78 , 添加成功
2020-05-20 08:00:03 Wed , INFO , getNewsData.py getAllNews line 78 , 添加成功
2020-05-20 08:30:03 Wed , INFO , getNewsData.py getAllNews line 78 , 添加成功
2020-05-20 10:00:02 Wed , INFO , getNewsData.py getAllNews line 78 , 添加成功
2020-05-20 10:00:02 Wed , INFO , getNewsData.py getAllNews line 78 , 添加成功
2020-05-20 11:00:02 Wed , INFO , getNewsData.py getAllNews line 78 , 添加成功
2020-05-20 11:00:02 Wed , INFO , getNewsData.py getAllNews line 78 , 添加成功
2020-05-20 15:00:02 Wed , INFO , getNewsData.py getAllNews line 78 , 添加成功
2020-05-20 15:30:02 Wed , INFO , getNewsData.py getAllNews line 78 , 添加成功
2020-05-20 15:30:02 Wed , INFO , getNewsData.py getAllNews line 78 , 添加成功
2020-05-20 15:30:02 Wed , INFO , getNewsData.py getAllNews line 78 , 添加成功
2020-05-20 15:30:03 Wed , INFO , getNewsData.py getAllNews line 78 , 添加成功
2020-05-20 16:00:02 Wed , INFO , getNewsData.py getAllNews line 78 , 添加成功
2020-05-20 16:30:02 Wed , INFO , getNewsData.py getAllNews line 78 , 添加成功
2020-05-20 17:30:02 Wed , INFO , getNewsData.py getAllNews line 78 , 添加成功
2020-05-20 18:30:03 Wed , INFO , getNewsData.py getAllNews line 78 , 添加成功
2020-05-21 08:00:03 Thu , INFO , getNewsData.py getAllNews line 78 , 添加成功
2020-05-21 10:00:02 Thu , INFO , getNewsData.py getAllNews line 78 , 添加成功
2020-05-21 10:30:02 Thu , INFO , getNewsData.py getAllNews line 78 , 添加成功
2020-05-21 11:00:02 Thu , INFO , getNewsData.py getAllNews line 78 , 添加成功
2020-05-21 15:00:02 Thu , INFO , getNewsData.py getAllNews line 78 , 添加成功
2020-05-21 15:30:02 Thu , INFO , getNewsData.py getAllNews line 78 , 添加成功
2020-05-21 15:30:02 Thu , INFO , getNewsData.py getAllNews line 78 , 添加成功
2020-05-21 16:00:02 Thu , INFO , getNewsData.py getAllNews line 78 , 添加成功
2020-05-21 16:00:03 Thu , INFO , getNewsData.py getAllNews line 78 , 添加成功
2020-05-21 16:00:03 Thu , INFO , getNewsData.py getAllNews line 78 , 添加成功
2020-05-21 18:00:02 Thu , INFO , getNewsData.py getAllNews line 78 , 添加成功
2020-05-21 18:00:02 Thu , INFO , getNewsData.py getAllNews line 78 , 添加成功
2020-05-22 08:30:03 Fri , INFO , getNewsData.py getAllNews line 78 , 添加成功
2020-05-22 09:30:02 Fri , INFO , getNewsData.py getAllNews line 78 , 添加成功
2020-05-22 09:30:02 Fri , INFO , getNewsData.py getAllNews line 78 , 添加成功
2020-05-22 11:30:02 Fri , INFO , getNewsData.py getAllNews line 78 , 添加成功
2020-05-22 11:30:03 Fri , INFO , getNewsData.py getAllNews line 78 , 添加成功
2020-05-22 11:30:03 Fri , INFO , getNewsData.py getAllNews line 78 , 添加成功
2020-05-22 12:00:02 Fri , INFO , getNewsData.py getAllNews line 78 , 添加成功
2020-05-22 12:00:02 Fri , INFO , getNewsData.py getAllNews line 78 , 添加成功
2020-05-22 12:00:02 Fri , INFO , getNewsData.py getAllNews line 78 , 添加成功
2020-05-22 12:30:02 Fri , INFO , getNewsData.py getAllNews line 78 , 添加成功
2020-05-22 14:30:02 Fri , INFO , getNewsData.py getAllNews line 78 , 添加成功
2020-05-22 16:00:02 Fri , INFO , getNewsData.py getAllNews line 78 , 添加成功
2020-05-22 16:00:03 Fri , INFO , getNewsData.py getAllNews line 78 , 添加成功
2020-05-22 16:00:03 Fri , INFO , getNewsData.py getAllNews line 78 , 添加成功
2020-05-22 16:30:02 Fri , INFO , getNewsData.py getAllNews line 78 , 添加成功
2020-05-22 17:00:02 Fri , INFO , getNewsData.py getAllNews line 78 , 添加成功
2020-05-22 17:30:02 Fri , INFO , getNewsData.py getAllNews line 78 , 添加成功
2020-05-22 17:30:02 Fri , INFO , getNewsData.py getAllNews line 78 , 添加成功
2020-05-22 17:30:02 Fri , INFO , getNewsData.py getAllNews line 78 , 添加成功
2020-05-22 18:00:03 Fri , INFO , getNewsData.py getAllNews line 78 , 添加成功
2020-05-23 18:00:03 Sat , INFO , getNewsData.py getAllNews line 78 , 添加成功
2020-05-25 08:00:02 Mon , INFO , getNewsData.py getAllNews line 78 , 添加成功
2020-05-25 08:00:03 Mon , INFO , getNewsData.py getAllNews line 78 , 添加成功
2020-05-25 08:30:02 Mon , INFO , getNewsData.py getAllNews line 78 , 添加成功
2020-05-25 09:00:02 Mon , INFO , getNewsData.py getAllNews line 78 , 添加成功
2020-05-25 09:30:03 Mon , INFO , getNewsData.py getAllNews line 78 , 添加成功
2020-05-25 09:30:03 Mon , INFO , getNewsData.py getAllNews line 78 , 添加成功
2020-05-25 09:30:03 Mon , INFO , getNewsData.py getAllNews line 78 , 添加成功
2020-05-25 09:30:03 Mon , INFO , getNewsData.py getAllNews line 78 , 添加成功
2020-05-25 10:00:02 Mon , INFO , getNewsData.py getAllNews line 78 , 添加成功
2020-05-25 12:30:02 Mon , INFO , getNewsData.py getAllNews line 78 , 添加成功
2020-05-25 14:00:02 Mon , INFO , getNewsData.py getAllNews line 78 , 添加成功
2020-05-25 15:00:02 Mon , INFO , getNewsData.py getAllNews line 78 , 添加成功
2020-05-25 15:30:02 Mon , INFO , getNewsData.py getAllNews line 78 , 添加成功
2020-05-25 15:30:03 Mon , INFO , getNewsData.py getAllNews line 78 , 添加成功
2020-05-25 16:00:02 Mon , INFO , getNewsData.py getAllNews line 78 , 添加成功
2020-05-26 08:30:02 Tue , INFO , getNewsData.py getAllNews line 78 , 添加成功
2020-05-26 09:00:02 Tue , INFO , getNewsData.py getAllNews line 78 , 添加成功
2020-05-26 09:00:02 Tue , INFO , getNewsData.py getAllNews line 78 , 添加成功
2020-05-26 09:00:02 Tue , INFO , getNewsData.py getAllNews line 78 , 添加成功
2020-05-26 09:30:02 Tue , INFO , getNewsData.py getAllNews line 78 , 添加成功
2020-05-26 09:30:02 Tue , INFO , getNewsData.py getAllNews line 78 , 添加成功
2020-05-26 09:30:02 Tue , INFO , getNewsData.py getAllNews line 78 , 添加成功
2020-05-26 11:30:02 Tue , INFO , getNewsData.py getAllNews line 78 , 添加成功
2020-05-26 11:30:02 Tue , INFO , getNewsData.py getAllNews line 78 , 添加成功
2020-05-26 14:00:02 Tue , INFO , getNewsData.py getAllNews line 78 , 添加成功
2020-05-26 15:30:02 Tue , INFO , getNewsData.py getAllNews line 78 , 添加成功
2020-05-26 15:30:02 Tue , INFO , getNewsData.py getAllNews line 78 , 添加成功
2020-05-26 15:30:03 Tue , INFO , getNewsData.py getAllNews line 78 , 添加成功
2020-05-26 15:30:03 Tue , INFO , getNewsData.py getAllNews line 78 , 添加成功
2020-05-26 15:30:03 Tue , INFO , getNewsData.py getAllNews line 78 , 添加成功
2020-05-26 16:30:02 Tue , INFO , getNewsData.py getAllNews line 78 , 添加成功
2020-05-27 08:00:02 Wed , INFO , getNewsData.py getAllNews line 78 , 添加成功
2020-05-27 08:00:03 Wed , INFO , getNewsData.py getAllNews line 78 , 添加成功
2020-05-27 09:00:03 Wed , INFO , getNewsData.py getAllNews line 78 , 添加成功
2020-05-27 09:00:03 Wed , INFO , getNewsData.py getAllNews line 78 , 添加成功
2020-05-27 10:30:02 Wed , INFO , getNewsData.py getAllNews line 78 , 添加成功
2020-05-27 12:30:02 Wed , INFO , getNewsData.py getAllNews line 78 , 添加成功
2020-05-27 12:30:02 Wed , INFO , getNewsData.py getAllNews line 78 , 添加成功
2020-05-27 16:00:03 Wed , INFO , getNewsData.py getAllNews line 78 , 添加成功
2020-05-27 18:30:01 Wed , INFO , getNewsData.py getAllNews line 78 , 添加成功
2020-05-27 18:30:02 Wed , INFO , getNewsData.py getAllNews line 78 , 添加成功
2020-05-27 18:30:02 Wed , INFO , getNewsData.py getAllNews line 78 , 添加成功
2020-05-28 08:00:02 Thu , INFO , getNewsData.py getAllNews line 78 , 添加成功
2020-05-28 08:00:02 Thu , INFO , getNewsData.py getAllNews line 78 , 添加成功
2020-05-28 08:00:02 Thu , INFO , getNewsData.py getAllNews line 78 , 添加成功
2020-05-28 11:30:02 Thu , INFO , getNewsData.py getAllNews line 78 , 添加成功
2020-05-28 11:30:02 Thu , INFO , getNewsData.py getAllNews line 78 , 添加成功
2020-05-28 11:30:02 Thu , INFO , getNewsData.py getAllNews line 78 , 添加成功
2020-05-28 11:30:02 Thu , INFO , getNewsData.py getAllNews line 78 , 添加成功
2020-05-28 11:30:03 Thu , INFO , getNewsData.py getAllNews line 78 , 添加成功
2020-05-28 14:30:02 Thu , INFO , getNewsData.py getAllNews line 78 , 添加成功
2020-05-28 15:00:02 Thu , INFO , getNewsData.py getAllNews line 78 , 添加成功
2020-05-28 16:00:02 Thu , INFO , getNewsData.py getAllNews line 78 , 添加成功
2020-05-28 16:30:02 Thu , INFO , getNewsData.py getAllNews line 78 , 添加成功
2020-05-29 08:00:02 Fri , INFO , getNewsData.py getAllNews line 78 , 添加成功
2020-05-29 08:00:02 Fri , INFO , getNewsData.py getAllNews line 78 , 添加成功
2020-05-29 11:00:02 Fri , INFO , getNewsData.py getAllNews line 78 , 添加成功
2020-05-29 12:00:02 Fri , INFO , getNewsData.py getAllNews line 78 , 添加成功
2020-05-29 12:00:03 Fri , INFO , getNewsData.py getAllNews line 78 , 添加成功
2020-05-29 14:00:02 Fri , INFO , getNewsData.py getAllNews line 78 , 添加成功
2020-05-29 14:00:02 Fri , INFO , getNewsData.py getAllNews line 78 , 添加成功
2020-05-29 14:00:02 Fri , INFO , getNewsData.py getAllNews line 78 , 添加成功
2020-05-29 16:00:02 Fri , INFO , getNewsData.py getAllNews line 78 , 添加成功
2020-05-29 16:00:02 Fri , INFO , getNewsData.py getAllNews line 78 , 添加成功
2020-05-29 16:00:03 Fri , INFO , getNewsData.py getAllNews line 78 , 添加成功
2020-05-29 16:00:03 Fri , INFO , getNewsData.py getAllNews line 78 , 添加成功
2020-05-29 16:30:02 Fri , INFO , getNewsData.py getAllNews line 78 , 添加成功
2020-05-30 10:00:02 Sat , INFO , getNewsData.py getAllNews line 78 , 添加成功
2020-05-31 08:00:01 Sun , INFO , getNewsData.py getAllNews line 78 , 添加成功
2020-06-01 08:00:02 Mon , INFO , getNewsData.py getAllNews line 78 , 添加成功
2020-06-01 08:00:03 Mon , INFO , getNewsData.py getAllNews line 78 , 添加成功
2020-06-01 08:00:03 Mon , INFO , getNewsData.py getAllNews line 78 , 添加成功
2020-06-01 10:00:02 Mon , INFO , getNewsData.py getAllNews line 78 , 添加成功
2020-06-01 10:00:03 Mon , INFO , getNewsData.py getAllNews line 78 , 添加成功
2020-06-01 10:00:03 Mon , INFO , getNewsData.py getAllNews line 78 , 添加成功
2020-06-01 10:30:02 Mon , INFO , getNewsData.py getAllNews line 78 , 添加成功
2020-06-01 12:00:02 Mon , INFO , getNewsData.py getAllNews line 78 , 添加成功
2020-06-01 14:30:02 Mon , INFO , getNewsData.py getAllNews line 78 , 添加成功
2020-06-01 14:30:02 Mon , INFO , getNewsData.py getAllNews line 78 , 添加成功
2020-06-01 14:30:02 Mon , INFO , getNewsData.py getAllNews line 78 , 添加成功
2020-06-01 16:30:02 Mon , INFO , getNewsData.py getAllNews line 78 , 添加成功
2020-06-01 16:30:02 Mon , INFO , getNewsData.py getAllNews line 78 , 添加成功
2020-06-01 16:30:03 Mon , INFO , getNewsData.py getAllNews line 78 , 添加成功
2020-06-01 17:00:02 Mon , INFO , getNewsData.py getAllNews line 78 , 添加成功
2020-06-01 17:00:03 Mon , INFO , getNewsData.py getAllNews line 78 , 添加成功
2020-06-01 17:00:03 Mon , INFO , getNewsData.py getAllNews line 78 , 添加成功
2020-06-01 17:30:02 Mon , INFO , getNewsData.py getAllNews line 78 , 添加成功
2020-06-02 08:00:02 Tue , INFO , getNewsData.py getAllNews line 78 , 添加成功
2020-06-02 10:00:02 Tue , INFO , getNewsData.py getAllNews line 78 , 添加成功
2020-06-02 10:30:01 Tue , INFO , getNewsData.py getAllNews line 78 , 添加成功
2020-06-02 10:30:02 Tue , INFO , getNewsData.py getAllNews line 78 , 添加成功
2020-06-02 11:00:02 Tue , INFO , getNewsData.py getAllNews line 78 , 添加成功
2020-06-02 15:30:01 Tue , INFO , getNewsData.py getAllNews line 78 , 添加成功
2020-06-02 15:30:02 Tue , INFO , getNewsData.py getAllNews line 78 , 添加成功
2020-06-02 16:00:02 Tue , INFO , getNewsData.py getAllNews line 78 , 添加成功
2020-06-02 16:30:02 Tue , INFO , getNewsData.py getAllNews line 78 , 添加成功
2020-06-02 17:00:03 Tue , INFO , getNewsData.py getAllNews line 78 , 添加成功
2020-06-02 17:30:02 Tue , INFO , getNewsData.py getAllNews line 78 , 添加成功
2020-06-03 08:00:03 Wed , INFO , getNewsData.py getAllNews line 78 , 添加成功
2020-06-03 09:30:02 Wed , INFO , getNewsData.py getAllNews line 78 , 添加成功
2020-06-03 09:30:02 Wed , INFO , getNewsData.py getAllNews line 78 , 添加成功
2020-06-03 10:00:02 Wed , INFO , getNewsData.py getAllNews line 78 , 添加成功
2020-06-03 10:00:02 Wed , INFO , getNewsData.py getAllNews line 78 , 添加成功
2020-06-03 10:00:02 Wed , INFO , getNewsData.py getAllNews line 78 , 添加成功
2020-06-03 10:00:03 Wed , INFO , getNewsData.py getAllNews line 78 , 添加成功
2020-06-03 10:00:03 Wed , INFO , getNewsData.py getAllNews line 78 , 添加成功
2020-06-03 15:00:02 Wed , INFO , getNewsData.py getAllNews line 78 , 添加成功
2020-06-03 15:00:02 Wed , INFO , getNewsData.py getAllNews line 78 , 添加成功
2020-06-03 15:00:02 Wed , INFO , getNewsData.py getAllNews line 78 , 添加成功
2020-06-03 15:30:02 Wed , INFO , getNewsData.py getAllNews line 78 , 添加成功
2020-06-03 17:00:02 Wed , INFO , getNewsData.py getAllNews line 78 , 添加成功
2020-06-03 17:00:02 Wed , INFO , getNewsData.py getAllNews line 78 , 添加成功
2020-06-03 17:30:02 Wed , INFO , getNewsData.py getAllNews line 78 , 添加成功
2020-06-03 17:30:02 Wed , INFO , getNewsData.py getAllNews line 78 , 添加成功
2020-06-04 08:00:03 Thu , INFO , getNewsData.py getAllNews line 78 , 添加成功
2020-06-04 10:00:02 Thu , INFO , getNewsData.py getAllNews line 78 , 添加成功
2020-06-04 10:00:03 Thu , INFO , getNewsData.py getAllNews line 78 , 添加成功
2020-06-04 10:00:03 Thu , INFO , getNewsData.py getAllNews line 78 , 添加成功
2020-06-04 10:00:03 Thu , INFO , getNewsData.py getAllNews line 78 , 添加成功
2020-06-04 10:00:04 Thu , INFO , getNewsData.py getAllNews line 78 , 添加成功
2020-06-04 11:30:02 Thu , INFO , getNewsData.py getAllNews line 78 , 添加成功
2020-06-04 13:30:12 Thu , ERROR , getNewsData.py getAllNews line 83 , error
2020-06-04 14:00:12 Thu , ERROR , getNewsData.py getAllNews line 83 , error
2020-06-04 14:30:02 Thu , INFO , getNewsData.py getAllNews line 78 , 添加成功
2020-06-04 14:30:12 Thu , ERROR , getNewsData.py getAllNews line 83 , error
2020-06-04 15:00:12 Thu , ERROR , getNewsData.py getAllNews line 83 , error
2020-06-04 15:30:02 Thu , INFO , getNewsData.py getAllNews line 78 , 添加成功
2020-06-04 15:30:12 Thu , ERROR , getNewsData.py getAllNews line 83 , error
2020-06-04 16:00:02 Thu , INFO , getNewsData.py getAllNews line 78 , 添加成功
2020-06-04 16:00:02 Thu , INFO , getNewsData.py getAllNews line 78 , 添加成功
2020-06-04 16:30:02 Thu , INFO , getNewsData.py getAllNews line 78 , 添加成功
2020-06-04 16:30:03 Thu , INFO , getNewsData.py getAllNews line 78 , 添加成功
2020-06-04 17:00:03 Thu , INFO , getNewsData.py getAllNews line 78 , 添加成功
2020-06-05 08:00:03 Fri , INFO , getNewsData.py getAllNews line 78 , 添加成功
2020-06-05 08:30:04 Fri , INFO , getNewsData.py getAllNews line 78 , 添加成功
2020-06-05 08:30:04 Fri , INFO , getNewsData.py getAllNews line 78 , 添加成功
2020-06-05 10:00:03 Fri , INFO , getNewsData.py getAllNews line 78 , 添加成功
2020-06-05 10:00:03 Fri , INFO , getNewsData.py getAllNews line 78 , 添加成功
2020-06-05 11:00:03 Fri , INFO , getNewsData.py getAllNews line 78 , 添加成功
2020-06-05 11:00:05 Fri , INFO , getNewsData.py getAllNews line 78 , 添加成功
2020-06-05 14:30:02 Fri , INFO , getNewsData.py getAllNews line 78 , 添加成功
2020-06-05 15:30:02 Fri , INFO , getNewsData.py getAllNews line 78 , 添加成功
2020-06-05 15:30:02 Fri , INFO , getNewsData.py getAllNews line 78 , 添加成功
2020-06-05 16:30:12 Fri , ERROR , getNewsData.py getAllNews line 83 , error
2020-06-05 16:30:12 Fri , INFO , getNewsData.py getAllNews line 78 , 添加成功
2020-06-05 16:30:12 Fri , INFO , getNewsData.py getAllNews line 78 , 添加成功
2020-06-05 16:30:13 Fri , INFO , getNewsData.py getAllNews line 78 , 添加成功
2020-06-05 17:00:12 Fri , ERROR , getNewsData.py getAllNews line 83 , error
2020-06-05 17:30:13 Fri , ERROR , getNewsData.py getAllNews line 83 , error
2020-06-06 17:30:02 Sat , INFO , getNewsData.py getAllNews line 78 , 添加成功
2020-06-06 18:30:02 Sat , INFO , getNewsData.py getAllNews line 78 , 添加成功
2020-06-08 08:00:02 Mon , INFO , getNewsData.py getAllNews line 78 , 添加成功
2020-06-08 08:00:02 Mon , INFO , getNewsData.py getAllNews line 78 , 添加成功
2020-06-08 09:00:13 Mon , ERROR , getNewsData.py getAllNews line 83 , error
2020-06-08 09:00:13 Mon , INFO , getNewsData.py getAllNews line 78 , 添加成功
2020-06-08 09:30:13 Mon , ERROR , getNewsData.py getAllNews line 83 , error
2020-06-08 10:00:02 Mon , INFO , getNewsData.py getAllNews line 78 , 添加成功
2020-06-08 10:00:03 Mon , INFO , getNewsData.py getAllNews line 78 , 添加成功
2020-06-08 10:30:01 Mon , INFO , getNewsData.py getAllNews line 78 , 添加成功
2020-06-08 10:30:02 Mon , INFO , getNewsData.py getAllNews line 78 , 添加成功
2020-06-08 10:30:02 Mon , INFO , getNewsData.py getAllNews line 78 , 添加成功
2020-06-08 11:30:02 Mon , INFO , getNewsData.py getAllNews line 78 , 添加成功
2020-06-08 11:30:02 Mon , INFO , getNewsData.py getAllNews line 78 , 添加成功
2020-06-08 14:30:02 Mon , INFO , getNewsData.py getAllNews line 78 , 添加成功
2020-06-08 14:30:02 Mon , INFO , getNewsData.py getAllNews line 78 , 添加成功
2020-06-08 15:00:03 Mon , INFO , getNewsData.py getAllNews line 78 , 添加成功
2020-06-08 15:00:03 Mon , INFO , getNewsData.py getAllNews line 78 , 添加成功
2020-06-08 16:00:03 Mon , INFO , getNewsData.py getAllNews line 78 , 添加成功
2020-06-09 08:00:02 Tue , INFO , getNewsData.py getAllNews line 78 , 添加成功
2020-06-09 08:00:02 Tue , INFO , getNewsData.py getAllNews line 78 , 添加成功
2020-06-09 08:00:02 Tue , INFO , getNewsData.py getAllNews line 78 , 添加成功
2020-06-09 08:30:02 Tue , INFO , getNewsData.py getAllNews line 78 , 添加成功
2020-06-09 09:30:02 Tue , INFO , getNewsData.py getAllNews line 78 , 添加成功
2020-06-09 09:30:03 Tue , INFO , getNewsData.py getAllNews line 78 , 添加成功
2020-06-09 09:30:03 Tue , INFO , getNewsData.py getAllNews line 78 , 添加成功
2020-06-09 15:00:02 Tue , INFO , getNewsData.py getAllNews line 78 , 添加成功
2020-06-09 15:00:03 Tue , INFO , getNewsData.py getAllNews line 78 , 添加成功
2020-06-09 15:00:03 Tue , INFO , getNewsData.py getAllNews line 78 , 添加成功
2020-06-09 15:30:01 Tue , INFO , getNewsData.py getAllNews line 78 , 添加成功
2020-06-09 16:00:03 Tue , INFO , getNewsData.py getAllNews line 78 , 添加成功
2020-06-09 16:00:03 Tue , INFO , getNewsData.py getAllNews line 78 , 添加成功
2020-06-10 08:00:02 Wed , INFO , getNewsData.py getAllNews line 78 , 添加成功
2020-06-10 08:00:02 Wed , INFO , getNewsData.py getAllNews line 78 , 添加成功
2020-06-10 08:00:02 Wed , INFO , getNewsData.py getAllNews line 78 , 添加成功
2020-06-10 08:00:02 Wed , INFO , getNewsData.py getAllNews line 78 , 添加成功
2020-06-10 08:30:02 Wed , INFO , getNewsData.py getAllNews line 78 , 添加成功
2020-06-10 10:00:02 Wed , INFO , getNewsData.py getAllNews line 78 , 添加成功
2020-06-10 10:00:02 Wed , INFO , getNewsData.py getAllNews line 78 , 添加成功
2020-06-10 10:00:02 Wed , INFO , getNewsData.py getAllNews line 78 , 添加成功
2020-06-10 10:30:02 Wed , INFO , getNewsData.py getAllNews line 78 , 添加成功
2020-06-10 10:30:03 Wed , INFO , getNewsData.py getAllNews line 78 , 添加成功
2020-06-10 10:30:03 Wed , INFO , getNewsData.py getAllNews line 78 , 添加成功
2020-06-10 10:30:03 Wed , INFO , getNewsData.py getAllNews line 78 , 添加成功
2020-06-10 14:30:02 Wed , INFO , getNewsData.py getAllNews line 78 , 添加成功
2020-06-10 14:30:02 Wed , INFO , getNewsData.py getAllNews line 78 , 添加成功
2020-06-10 14:30:02 Wed , INFO , getNewsData.py getAllNews line 78 , 添加成功
2020-06-10 15:00:02 Wed , INFO , getNewsData.py getAllNews line 78 , 添加成功
2020-06-10 15:30:02 Wed , INFO , getNewsData.py getAllNews line 78 , 添加成功
2020-06-10 15:30:02 Wed , INFO , getNewsData.py getAllNews line 78 , 添加成功
2020-06-10 15:30:03 Wed , INFO , getNewsData.py getAllNews line 78 , 添加成功
2020-06-10 18:30:02 Wed , INFO , getNewsData.py getAllNews line 78 , 添加成功
2020-06-11 10:30:02 Thu , INFO , getNewsData.py getAllNews line 78 , 添加成功
2020-06-11 10:30:02 Thu , INFO , getNewsData.py getAllNews line 78 , 添加成功
2020-06-11 10:30:03 Thu , INFO , getNewsData.py getAllNews line 78 , 添加成功
2020-06-11 10:30:03 Thu , INFO , getNewsData.py getAllNews line 78 , 添加成功
2020-06-11 11:00:02 Thu , INFO , getNewsData.py getAllNews line 78 , 添加成功
2020-06-11 11:00:02 Thu , INFO , getNewsData.py getAllNews line 78 , 添加成功
2020-06-11 11:00:02 Thu , INFO , getNewsData.py getAllNews line 78 , 添加成功
2020-06-11 14:30:02 Thu , INFO , getNewsData.py getAllNews line 78 , 添加成功
2020-06-11 15:00:12 Thu , ERROR , getNewsData.py getAllNews line 83 , error
2020-06-11 15:30:02 Thu , INFO , getNewsData.py getAllNews line 78 , 添加成功
2020-06-11 15:30:12 Thu , ERROR , getNewsData.py getAllNews line 83 , error
2020-06-11 16:00:12 Thu , ERROR , getNewsData.py getAllNews line 83 , error
2020-06-11 16:30:02 Thu , INFO , getNewsData.py getAllNews line 78 , 添加成功
2020-06-11 16:30:03 Thu , INFO , getNewsData.py getAllNews line 78 , 添加成功
2020-06-11 17:00:02 Thu , INFO , getNewsData.py getAllNews line 78 , 添加成功
2020-06-11 17:00:03 Thu , INFO , getNewsData.py getAllNews line 78 , 添加成功
2020-06-12 08:00:02 Fri , INFO , getNewsData.py getAllNews line 78 , 添加成功
2020-06-12 08:00:02 Fri , INFO , getNewsData.py getAllNews line 78 , 添加成功
2020-06-12 08:00:02 Fri , INFO , getNewsData.py getAllNews line 78 , 添加成功
2020-06-12 08:30:02 Fri , INFO , getNewsData.py getAllNews line 78 , 添加成功
2020-06-12 08:30:02 Fri , INFO , getNewsData.py getAllNews line 78 , 添加成功
2020-06-12 08:30:02 Fri , INFO , getNewsData.py getAllNews line 78 , 添加成功
2020-06-12 08:30:03 Fri , INFO , getNewsData.py getAllNews line 78 , 添加成功
2020-06-12 09:30:03 Fri , INFO , getNewsData.py getAllNews line 78 , 添加成功
2020-06-12 10:00:03 Fri , INFO , getNewsData.py getAllNews line 78 , 添加成功
2020-06-12 10:30:02 Fri , INFO , getNewsData.py getAllNews line 78 , 添加成功
2020-06-12 11:00:02 Fri , INFO , getNewsData.py getAllNews line 78 , 添加成功
2020-06-12 14:30:02 Fri , INFO , getNewsData.py getAllNews line 78 , 添加成功
2020-06-12 14:30:02 Fri , INFO , getNewsData.py getAllNews line 78 , 添加成功
2020-06-12 14:30:02 Fri , INFO , getNewsData.py getAllNews line 78 , 添加成功
2020-06-12 14:30:03 Fri , INFO , getNewsData.py getAllNews line 78 , 添加成功
2020-06-12 15:30:03 Fri , INFO , getNewsData.py getAllNews line 78 , 添加成功
2020-06-12 15:30:03 Fri , INFO , getNewsData.py getAllNews line 78 , 添加成功
2020-06-12 15:30:03 Fri , INFO , getNewsData.py getAllNews line 78 , 添加成功
2020-06-12 15:30:03 Fri , INFO , getNewsData.py getAllNews line 78 , 添加成功
2020-06-12 15:30:03 Fri , INFO , getNewsData.py getAllNews line 78 , 添加成功
2020-06-13 08:00:02 Sat , INFO , getNewsData.py getAllNews line 78 , 添加成功
2020-06-13 16:00:02 Sat , INFO , getNewsData.py getAllNews line 78 , 添加成功
2020-06-14 08:00:03 Sun , INFO , getNewsData.py getAllNews line 78 , 添加成功
2020-06-14 08:30:02 Sun , INFO , getNewsData.py getAllNews line 78 , 添加成功
2020-06-14 09:00:02 Sun , INFO , getNewsData.py getAllNews line 78 , 添加成功
2020-06-15 08:00:03 Mon , INFO , getNewsData.py getAllNews line 78 , 添加成功
2020-06-15 08:00:03 Mon , INFO , getNewsData.py getAllNews line 78 , 添加成功
2020-06-15 09:30:02 Mon , INFO , getNewsData.py getAllNews line 78 , 添加成功
2020-06-15 09:30:02 Mon , INFO , getNewsData.py getAllNews line 78 , 添加成功
2020-06-15 10:00:12 Mon , ERROR , getNewsData.py getAllNews line 83 , error
2020-06-15 10:30:03 Mon , INFO , getNewsData.py getAllNews line 78 , 添加成功
2020-06-15 10:30:13 Mon , ERROR , getNewsData.py getAllNews line 83 , error
2020-06-15 10:30:13 Mon , INFO , getNewsData.py getAllNews line 78 , 添加成功
2020-06-15 11:00:02 Mon , INFO , getNewsData.py getAllNews line 78 , 添加成功
2020-06-15 11:00:02 Mon , INFO , getNewsData.py getAllNews line 78 , 添加成功
2020-06-15 11:00:13 Mon , ERROR , getNewsData.py getAllNews line 83 , error
2020-06-15 11:30:03 Mon , INFO , getNewsData.py getAllNews line 78 , 添加成功
2020-06-15 14:00:02 Mon , INFO , getNewsData.py getAllNews line 78 , 添加成功
2020-06-15 15:00:02 Mon , INFO , getNewsData.py getAllNews line 78 , 添加成功
2020-06-15 15:00:02 Mon , INFO , getNewsData.py getAllNews line 78 , 添加成功
2020-06-15 15:30:02 Mon , INFO , getNewsData.py getAllNews line 78 , 添加成功
2020-06-15 17:00:02 Mon , INFO , getNewsData.py getAllNews line 78 , 添加成功
2020-06-15 17:00:03 Mon , INFO , getNewsData.py getAllNews line 78 , 添加成功
2020-06-16 10:00:03 Tue , INFO , getNewsData.py getAllNews line 78 , 添加成功
2020-06-16 10:00:03 Tue , INFO , getNewsData.py getAllNews line 78 , 添加成功
2020-06-16 10:00:03 Tue , INFO , getNewsData.py getAllNews line 78 , 添加成功
2020-06-16 10:00:04 Tue , INFO , getNewsData.py getAllNews line 78 , 添加成功
2020-06-16 10:00:04 Tue , INFO , getNewsData.py getAllNews line 78 , 添加成功
2020-06-16 11:00:02 Tue , INFO , getNewsData.py getAllNews line 78 , 添加成功
2020-06-16 15:00:02 Tue , INFO , getNewsData.py getAllNews line 78 , 添加成功
2020-06-16 15:30:02 Tue , INFO , getNewsData.py getAllNews line 78 , 添加成功
2020-06-16 16:00:02 Tue , INFO , getNewsData.py getAllNews line 78 , 添加成功
2020-06-16 16:00:03 Tue , INFO , getNewsData.py getAllNews line 78 , 添加成功
2020-06-16 16:30:02 Tue , INFO , getNewsData.py getAllNews line 78 , 添加成功
2020-06-16 17:00:02 Tue , INFO , getNewsData.py getAllNews line 78 , 添加成功
2020-06-16 17:00:02 Tue , INFO , getNewsData.py getAllNews line 78 , 添加成功
2020-06-16 17:00:02 Tue , INFO , getNewsData.py getAllNews line 78 , 添加成功
2020-06-16 17:30:02 Tue , INFO , getNewsData.py getAllNews line 78 , 添加成功
2020-06-16 17:30:03 Tue , INFO , getNewsData.py getAllNews line 78 , 添加成功
2020-06-17 08:30:03 Wed , INFO , getNewsData.py getAllNews line 78 , 添加成功
2020-06-17 10:30:02 Wed , INFO , getNewsData.py getAllNews line 78 , 添加成功
2020-06-17 10:30:03 Wed , INFO , getNewsData.py getAllNews line 78 , 添加成功
2020-06-17 10:30:03 Wed , INFO , getNewsData.py getAllNews line 78 , 添加成功
2020-06-17 11:00:03 Wed , INFO , getNewsData.py getAllNews line 78 , 添加成功
2020-06-17 11:00:03 Wed , INFO , getNewsData.py getAllNews line 78 , 添加成功
2020-06-17 11:00:03 Wed , INFO , getNewsData.py getAllNews line 78 , 添加成功
2020-06-17 15:30:02 Wed , INFO , getNewsData.py getAllNews line 78 , 添加成功
2020-06-17 16:00:02 Wed , INFO , getNewsData.py getAllNews line 78 , 添加成功
2020-06-17 17:30:02 Wed , INFO , getNewsData.py getAllNews line 78 , 添加成功
2020-06-17 17:30:03 Wed , INFO , getNewsData.py getAllNews line 78 , 添加成功
2020-06-17 17:30:03 Wed , INFO , getNewsData.py getAllNews line 78 , 添加成功
2020-06-17 18:30:03 Wed , INFO , getNewsData.py getAllNews line 78 , 添加成功
2020-06-18 08:30:02 Thu , INFO , getNewsData.py getAllNews line 78 , 添加成功
2020-06-18 08:30:03 Thu , INFO , getNewsData.py getAllNews line 78 , 添加成功
2020-06-18 09:30:02 Thu , INFO , getNewsData.py getAllNews line 78 , 添加成功
2020-06-18 11:30:02 Thu , INFO , getNewsData.py getAllNews line 78 , 添加成功
2020-06-18 11:30:03 Thu , INFO , getNewsData.py getAllNews line 78 , 添加成功
2020-06-18 12:00:02 Thu , INFO , getNewsData.py getAllNews line 78 , 添加成功
2020-06-18 13:30:02 Thu , INFO , getNewsData.py getAllNews line 78 , 添加成功
2020-06-18 13:30:02 Thu , INFO , getNewsData.py getAllNews line 78 , 添加成功
2020-06-18 13:30:02 Thu , INFO , getNewsData.py getAllNews line 78 , 添加成功
2020-06-18 16:30:02 Thu , INFO , getNewsData.py getAllNews line 78 , 添加成功
2020-06-18 16:30:02 Thu , INFO , getNewsData.py getAllNews line 78 , 添加成功
2020-06-18 17:30:02 Thu , INFO , getNewsData.py getAllNews line 78 , 添加成功
2020-06-18 17:30:03 Thu , INFO , getNewsData.py getAllNews line 78 , 添加成功
2020-06-19 08:00:02 Fri , INFO , getNewsData.py getAllNews line 78 , 添加成功
2020-06-19 09:30:02 Fri , INFO , getNewsData.py getAllNews line 78 , 添加成功
2020-06-19 10:00:03 Fri , INFO , getNewsData.py getAllNews line 78 , 添加成功
2020-06-19 11:30:03 Fri , INFO , getNewsData.py getAllNews line 78 , 添加成功
2020-06-19 12:00:02 Fri , INFO , getNewsData.py getAllNews line 78 , 添加成功
2020-06-19 12:30:02 Fri , INFO , getNewsData.py getAllNews line 78 , 添加成功
2020-06-19 12:30:02 Fri , INFO , getNewsData.py getAllNews line 78 , 添加成功
2020-06-19 13:00:03 Fri , INFO , getNewsData.py getAllNews line 78 , 添加成功
2020-06-19 18:30:02 Fri , INFO , getNewsData.py getAllNews line 78 , 添加成功
2020-06-19 18:30:02 Fri , INFO , getNewsData.py getAllNews line 78 , 添加成功
2020-06-19 18:30:03 Fri , INFO , getNewsData.py getAllNews line 78 , 添加成功
2020-06-19 18:30:03 Fri , INFO , getNewsData.py getAllNews line 78 , 添加成功
2020-06-19 18:30:03 Fri , INFO , getNewsData.py getAllNews line 78 , 添加成功
2020-06-20 08:00:02 Sat , INFO , getNewsData.py getAllNews line 78 , 添加成功
2020-06-20 08:00:03 Sat , INFO , getNewsData.py getAllNews line 78 , 添加成功
2020-06-20 08:00:03 Sat , INFO , getNewsData.py getAllNews line 78 , 添加成功
2020-06-20 11:30:02 Sat , INFO , getNewsData.py getAllNews line 78 , 添加成功
2020-06-20 11:30:02 Sat , INFO , getNewsData.py getAllNews line 78 , 添加成功
2020-06-20 11:30:02 Sat , INFO , getNewsData.py getAllNews line 78 , 添加成功
2020-06-20 16:30:02 Sat , INFO , getNewsData.py getAllNews line 78 , 添加成功
2020-06-21 08:00:03 Sun , INFO , getNewsData.py getAllNews line 78 , 添加成功
2020-06-21 10:00:02 Sun , INFO , getNewsData.py getAllNews line 78 , 添加成功
2020-06-21 10:00:02 Sun , INFO , getNewsData.py getAllNews line 78 , 添加成功
2020-06-22 08:00:02 Mon , INFO , getNewsData.py getAllNews line 78 , 添加成功
2020-06-22 08:00:02 Mon , INFO , getNewsData.py getAllNews line 78 , 添加成功
2020-06-22 08:00:03 Mon , INFO , getNewsData.py getAllNews line 78 , 添加成功
2020-06-22 08:00:03 Mon , INFO , getNewsData.py getAllNews line 78 , 添加成功
2020-06-22 08:30:02 Mon , INFO , getNewsData.py getAllNews line 78 , 添加成功
2020-06-22 09:30:02 Mon , INFO , getNewsData.py getAllNews line 78 , 添加成功
2020-06-22 10:00:02 Mon , INFO , getNewsData.py getAllNews line 78 , 添加成功
2020-06-22 13:30:02 Mon , INFO , getNewsData.py getAllNews line 78 , 添加成功
2020-06-22 13:30:02 Mon , INFO , getNewsData.py getAllNews line 78 , 添加成功
2020-06-22 14:00:02 Mon , INFO , getNewsData.py getAllNews line 78 , 添加成功
2020-06-22 15:00:02 Mon , INFO , getNewsData.py getAllNews line 78 , 添加成功
2020-06-22 16:00:03 Mon , INFO , getNewsData.py getAllNews line 78 , 添加成功
2020-06-22 16:00:03 Mon , INFO , getNewsData.py getAllNews line 78 , 添加成功
2020-06-22 16:00:03 Mon , INFO , getNewsData.py getAllNews line 78 , 添加成功
2020-06-22 16:30:02 Mon , INFO , getNewsData.py getAllNews line 78 , 添加成功
2020-06-22 18:00:02 Mon , INFO , getNewsData.py getAllNews line 78 , 添加成功
2020-06-23 08:00:02 Tue , INFO , getNewsData.py getAllNews line 78 , 添加成功
2020-06-23 08:30:02 Tue , INFO , getNewsData.py getAllNews line 78 , 添加成功
2020-06-23 09:30:02 Tue , INFO , getNewsData.py getAllNews line 78 , 添加成功
2020-06-23 09:30:03 Tue , INFO , getNewsData.py getAllNews line 78 , 添加成功
2020-06-23 11:00:03 Tue , INFO , getNewsData.py getAllNews line 78 , 添加成功
2020-06-23 11:00:03 Tue , INFO , getNewsData.py getAllNews line 78 , 添加成功
2020-06-23 11:30:03 Tue , INFO , getNewsData.py getAllNews line 78 , 添加成功
2020-06-23 13:30:02 Tue , INFO , getNewsData.py getAllNews line 78 , 添加成功
2020-06-23 13:30:03 Tue , INFO , getNewsData.py getAllNews line 78 , 添加成功
2020-06-23 14:00:02 Tue , INFO , getNewsData.py getAllNews line 78 , 添加成功
2020-06-23 15:30:02 Tue , INFO , getNewsData.py getAllNews line 78 , 添加成功
2020-06-23 15:30:02 Tue , INFO , getNewsData.py getAllNews line 78 , 添加成功
2020-06-23 15:30:02 Tue , INFO , getNewsData.py getAllNews line 78 , 添加成功
2020-06-23 15:30:13 Tue , ERROR , getNewsData.py getAllNews line 83 , error
2020-06-23 16:00:14 Tue , ERROR , getNewsData.py getAllNews line 83 , error
2020-06-23 16:30:13 Tue , ERROR , getNewsData.py getAllNews line 83 , error
2020-06-23 17:00:13 Tue , ERROR , getNewsData.py getAllNews line 83 , error
2020-06-23 17:30:13 Tue , ERROR , getNewsData.py getAllNews line 83 , error
2020-06-23 18:00:13 Tue , ERROR , getNewsData.py getAllNews line 83 , error
2020-06-23 18:30:13 Tue , ERROR , getNewsData.py getAllNews line 83 , error
2020-06-24 08:00:13 Wed , ERROR , getNewsData.py getAllNews line 83 , error
2020-06-24 08:30:02 Wed , INFO , getNewsData.py getAllNews line 78 , 添加成功
2020-06-24 08:30:02 Wed , INFO , getNewsData.py getAllNews line 78 , 添加成功
2020-06-24 08:30:03 Wed , INFO , getNewsData.py getAllNews line 78 , 添加成功
2020-06-24 08:30:13 Wed , ERROR , getNewsData.py getAllNews line 83 , error
2020-06-24 09:00:03 Wed , INFO , getNewsData.py getAllNews line 78 , 添加成功
2020-06-24 09:00:14 Wed , ERROR , getNewsData.py getAllNews line 83 , error
2020-06-24 09:30:13 Wed , ERROR , getNewsData.py getAllNews line 83 , error
2020-06-24 10:00:02 Wed , INFO , getNewsData.py getAllNews line 78 , 添加成功
2020-06-24 10:00:02 Wed , INFO , getNewsData.py getAllNews line 78 , 添加成功
2020-06-24 10:00:13 Wed , ERROR , getNewsData.py getAllNews line 83 , error
2020-06-24 10:30:02 Wed , INFO , getNewsData.py getAllNews line 78 , 添加成功
2020-06-24 10:30:03 Wed , INFO , getNewsData.py getAllNews line 78 , 添加成功
2020-06-24 10:30:13 Wed , ERROR , getNewsData.py getAllNews line 83 , error
2020-06-24 15:00:02 Wed , INFO , getNewsData.py getAllNews line 78 , 添加成功
2020-06-24 15:00:02 Wed , INFO , getNewsData.py getAllNews line 78 , 添加成功
2020-06-24 15:00:03 Wed , INFO , getNewsData.py getAllNews line 78 , 添加成功
2020-06-24 15:00:03 Wed , INFO , getNewsData.py getAllNews line 78 , 添加成功
2020-06-24 15:00:03 Wed , INFO , getNewsData.py getAllNews line 78 , 添加成功
2020-06-24 15:00:03 Wed , INFO , getNewsData.py getAllNews line 78 , 添加成功
2020-06-24 15:30:02 Wed , INFO , getNewsData.py getAllNews line 78 , 添加成功
2020-06-26 08:00:03 Fri , INFO , getNewsData.py getAllNews line 78 , 添加成功
2020-06-26 08:00:03 Fri , INFO , getNewsData.py getAllNews line 78 , 添加成功
2020-06-27 08:00:03 Sat , INFO , getNewsData.py getAllNews line 78 , 添加成功
2020-06-27 08:00:03 Sat , INFO , getNewsData.py getAllNews line 78 , 添加成功
2020-06-27 08:00:03 Sat , INFO , getNewsData.py getAllNews line 78 , 添加成功
2020-06-28 08:00:02 Sun , INFO , getNewsData.py getAllNews line 78 , 添加成功
2020-06-28 08:30:03 Sun , INFO , getNewsData.py getAllNews line 78 , 添加成功
2020-06-28 10:00:02 Sun , INFO , getNewsData.py getAllNews line 78 , 添加成功
2020-06-28 13:30:02 Sun , INFO , getNewsData.py getAllNews line 78 , 添加成功
2020-06-28 14:30:03 Sun , INFO , getNewsData.py getAllNews line 78 , 添加成功
2020-06-29 08:00:03 Mon , INFO , getNewsData.py getAllNews line 78 , 添加成功
2020-06-29 08:30:02 Mon , INFO , getNewsData.py getAllNews line 78 , 添加成功
2020-06-29 08:30:03 Mon , INFO , getNewsData.py getAllNews line 78 , 添加成功
2020-06-29 08:30:03 Mon , INFO , getNewsData.py getAllNews line 78 , 添加成功
2020-06-29 13:00:03 Mon , INFO , getNewsData.py getAllNews line 78 , 添加成功
2020-06-29 14:30:02 Mon , INFO , getNewsData.py getAllNews line 78 , 添加成功
2020-06-30 08:30:03 Tue , INFO , getNewsData.py getAllNews line 78 , 添加成功
2020-06-30 11:30:02 Tue , INFO , getNewsData.py getAllNews line 78 , 添加成功
2020-07-01 08:00:02 Wed , INFO , getNewsData.py getAllNews line 78 , 添加成功
2020-07-01 08:00:02 Wed , INFO , getNewsData.py getAllNews line 78 , 添加成功
2020-07-01 08:00:03 Wed , INFO , getNewsData.py getAllNews line 78 , 添加成功
2020-07-01 08:00:03 Wed , INFO , getNewsData.py getAllNews line 78 , 添加成功
2020-07-01 08:30:03 Wed , INFO , getNewsData.py getAllNews line 78 , 添加成功
2020-07-01 08:30:03 Wed , INFO , getNewsData.py getAllNews line 78 , 添加成功
2020-07-01 08:30:03 Wed , INFO , getNewsData.py getAllNews line 78 , 添加成功
2020-07-01 10:00:02 Wed , INFO , getNewsData.py getAllNews line 78 , 添加成功
2020-07-01 10:00:02 Wed , INFO , getNewsData.py getAllNews line 78 , 添加成功
2020-07-01 10:00:03 Wed , INFO , getNewsData.py getAllNews line 78 , 添加成功
2020-07-01 13:00:03 Wed , INFO , getNewsData.py getAllNews line 78 , 添加成功
2020-07-01 14:30:02 Wed , INFO , getNewsData.py getAllNews line 78 , 添加成功
2020-07-01 14:30:02 Wed , INFO , getNewsData.py getAllNews line 78 , 添加成功
2020-07-01 14:30:03 Wed , INFO , getNewsData.py getAllNews line 78 , 添加成功
2020-07-01 14:30:03 Wed , INFO , getNewsData.py getAllNews line 78 , 添加成功
2020-07-01 15:00:02 Wed , INFO , getNewsData.py getAllNews line 78 , 添加成功
2020-07-01 15:00:02 Wed , INFO , getNewsData.py getAllNews line 78 , 添加成功
2020-07-01 15:30:02 Wed , INFO , getNewsData.py getAllNews line 78 , 添加成功
2020-07-01 17:30:02 Wed , INFO , getNewsData.py getAllNews line 78 , 添加成功
2020-07-02 08:00:03 Thu , INFO , getNewsData.py getAllNews line 78 , 添加成功
2020-07-02 08:00:03 Thu , INFO , getNewsData.py getAllNews line 78 , 添加成功
2020-07-02 10:00:02 Thu , INFO , getNewsData.py getAllNews line 78 , 添加成功
2020-07-02 10:00:02 Thu , INFO , getNewsData.py getAllNews line 78 , 添加成功
2020-07-02 10:30:03 Thu , INFO , getNewsData.py getAllNews line 78 , 添加成功
2020-07-02 10:30:03 Thu , INFO , getNewsData.py getAllNews line 78 , 添加成功
2020-07-02 10:30:03 Thu , INFO , getNewsData.py getAllNews line 78 , 添加成功
2020-07-02 11:00:12 Thu , ERROR , getNewsData.py getAllNews line 83 , error
2020-07-02 11:00:12 Thu , INFO , getNewsData.py getAllNews line 78 , 添加成功
2020-07-02 11:30:13 Thu , ERROR , getNewsData.py getAllNews line 83 , error
2020-07-02 12:00:12 Thu , ERROR , getNewsData.py getAllNews line 83 , error
2020-07-02 12:30:12 Thu , ERROR , getNewsData.py getAllNews line 83 , error
2020-07-02 13:00:13 Thu , ERROR , getNewsData.py getAllNews line 83 , error
2020-07-02 13:30:12 Thu , ERROR , getNewsData.py getAllNews line 83 , error
2020-07-02 14:00:12 Thu , ERROR , getNewsData.py getAllNews line 83 , error
2020-07-02 14:30:13 Thu , ERROR , getNewsData.py getAllNews line 83 , error
2020-07-02 15:00:12 Thu , ERROR , getNewsData.py getAllNews line 83 , error
2020-07-02 15:30:12 Thu , ERROR , getNewsData.py getAllNews line 83 , error
2020-07-02 16:00:13 Thu , ERROR , getNewsData.py getAllNews line 83 , error
2020-07-02 16:30:12 Thu , ERROR , getNewsData.py getAllNews line 83 , error
2020-07-02 17:00:12 Thu , ERROR , getNewsData.py getAllNews line 83 , error
2020-07-02 17:30:02 Thu , INFO , getNewsData.py getAllNews line 78 , 添加成功
2020-07-02 17:30:02 Thu , INFO , getNewsData.py getAllNews line 78 , 添加成功
2020-07-02 17:30:03 Thu , INFO , getNewsData.py getAllNews line 78 , 添加成功
2020-07-02 17:30:03 Thu , INFO , getNewsData.py getAllNews line 78 , 添加成功
2020-07-02 18:00:02 Thu , INFO , getNewsData.py getAllNews line 78 , 添加成功
2020-07-02 18:00:03 Thu , INFO , getNewsData.py getAllNews line 78 , 添加成功
2020-07-03 08:00:03 Fri , INFO , getNewsData.py getAllNews line 78 , 添加成功
2020-07-03 08:00:03 Fri , INFO , getNewsData.py getAllNews line 78 , 添加成功
2020-07-03 08:00:03 Fri , INFO , getNewsData.py getAllNews line 78 , 添加成功
2020-07-03 08:30:04 Fri , INFO , getNewsData.py getAllNews line 78 , 添加成功
2020-07-03 10:00:02 Fri , INFO , getNewsData.py getAllNews line 78 , 添加成功
2020-07-03 11:00:12 Fri , ERROR , getNewsData.py getAllNews line 83 , error
2020-07-03 11:30:12 Fri , ERROR , getNewsData.py getAllNews line 83 , error
2020-07-03 12:00:03 Fri , INFO , getNewsData.py getAllNews line 78 , 添加成功
2020-07-03 12:00:13 Fri , ERROR , getNewsData.py getAllNews line 83 , error
2020-07-03 12:00:14 Fri , INFO , getNewsData.py getAllNews line 78 , 添加成功
2020-07-03 12:30:02 Fri , INFO , getNewsData.py getAllNews line 78 , 添加成功
2020-07-03 12:30:13 Fri , ERROR , getNewsData.py getAllNews line 83 , error
2020-07-03 13:00:13 Fri , ERROR , getNewsData.py getAllNews line 83 , error
2020-07-03 13:30:12 Fri , ERROR , getNewsData.py getAllNews line 83 , error
2020-07-03 14:00:13 Fri , ERROR , getNewsData.py getAllNews line 83 , error
2020-07-03 14:30:12 Fri , ERROR , getNewsData.py getAllNews line 83 , error
2020-07-03 15:00:02 Fri , INFO , getNewsData.py getAllNews line 78 , 添加成功
2020-07-03 15:00:02 Fri , INFO , getNewsData.py getAllNews line 78 , 添加成功
2020-07-03 16:30:02 Fri , INFO , getNewsData.py getAllNews line 78 , 添加成功
2020-07-03 17:00:03 Fri , INFO , getNewsData.py getAllNews line 78 , 添加成功
2020-07-03 17:00:03 Fri , INFO , getNewsData.py getAllNews line 78 , 添加成功
2020-07-03 17:30:02 Fri , INFO , getNewsData.py getAllNews line 78 , 添加成功
2020-07-03 17:30:02 Fri , INFO , getNewsData.py getAllNews line 78 , 添加成功
2020-07-03 18:30:03 Fri , INFO , getNewsData.py getAllNews line 78 , 添加成功
2020-07-06 08:30:02 Mon , INFO , getNewsData.py getAllNews line 78 , 添加成功
2020-07-06 10:30:02 Mon , INFO , getNewsData.py getAllNews line 78 , 添加成功
2020-07-06 12:30:03 Mon , INFO , getNewsData.py getAllNews line 78 , 添加成功
2020-07-06 12:30:03 Mon , INFO , getNewsData.py getAllNews line 78 , 添加成功
2020-07-06 12:30:03 Mon , INFO , getNewsData.py getAllNews line 78 , 添加成功
2020-07-06 12:30:03 Mon , INFO , getNewsData.py getAllNews line 78 , 添加成功
2020-07-06 12:30:04 Mon , INFO , getNewsData.py getAllNews line 78 , 添加成功
2020-07-06 17:30:02 Mon , INFO , getNewsData.py getAllNews line 78 , 添加成功
2020-07-06 18:00:03 Mon , INFO , getNewsData.py getAllNews line 78 , 添加成功
2020-07-06 18:00:03 Mon , INFO , getNewsData.py getAllNews line 78 , 添加成功
2020-07-06 18:00:04 Mon , INFO , getNewsData.py getAllNews line 78 , 添加成功
2020-07-06 18:00:04 Mon , INFO , getNewsData.py getAllNews line 78 , 添加成功
2020-07-07 08:00:03 Tue , INFO , getNewsData.py getAllNews line 78 , 添加成功
2020-07-07 08:00:03 Tue , INFO , getNewsData.py getAllNews line 78 , 添加成功
2020-07-07 08:00:03 Tue , INFO , getNewsData.py getAllNews line 78 , 添加成功
2020-07-07 08:00:03 Tue , INFO , getNewsData.py getAllNews line 78 , 添加成功
2020-07-07 08:30:03 Tue , INFO , getNewsData.py getAllNews line 78 , 添加成功
2020-07-07 08:30:04 Tue , INFO , getNewsData.py getAllNews line 78 , 添加成功
2020-07-07 15:30:03 Tue , INFO , getNewsData.py getAllNews line 78 , 添加成功
2020-07-07 15:30:03 Tue , INFO , getNewsData.py getAllNews line 78 , 添加成功
2020-07-07 15:30:03 Tue , INFO , getNewsData.py getAllNews line 78 , 添加成功
2020-07-07 15:30:03 Tue , INFO , getNewsData.py getAllNews line 78 , 添加成功
2020-07-07 16:30:03 Tue , INFO , getNewsData.py getAllNews line 78 , 添加成功
2020-07-07 16:30:03 Tue , INFO , getNewsData.py getAllNews line 78 , 添加成功
2020-07-07 17:00:03 Tue , INFO , getNewsData.py getAllNews line 78 , 添加成功
2020-07-08 08:00:03 Wed , INFO , getNewsData.py getAllNews line 78 , 添加成功
2020-07-08 08:30:02 Wed , INFO , getNewsData.py getAllNews line 78 , 添加成功
2020-07-08 08:30:03 Wed , INFO , getNewsData.py getAllNews line 78 , 添加成功
2020-07-08 08:30:03 Wed , INFO , getNewsData.py getAllNews line 78 , 添加成功
2020-07-08 08:30:03 Wed , INFO , getNewsData.py getAllNews line 78 , 添加成功
2020-07-08 08:30:13 Wed , ERROR , getNewsData.py getAllNews line 83 , error
2020-07-08 08:30:13 Wed , INFO , getNewsData.py getAllNews line 78 , 添加成功
2020-07-08 09:00:13 Wed , ERROR , getNewsData.py getAllNews line 83 , error
2020-07-08 09:30:03 Wed , INFO , getNewsData.py getAllNews line 78 , 添加成功
2020-07-08 09:30:13 Wed , ERROR , getNewsData.py getAllNews line 83 , error
2020-07-08 10:00:13 Wed , ERROR , getNewsData.py getAllNews line 83 , error
2020-07-08 10:30:14 Wed , ERROR , getNewsData.py getAllNews line 83 , error
2020-07-08 11:00:13 Wed , ERROR , getNewsData.py getAllNews line 83 , error
2020-07-08 11:30:03 Wed , INFO , getNewsData.py getAllNews line 78 , 添加成功
2020-07-08 11:30:13 Wed , ERROR , getNewsData.py getAllNews line 83 , error
2020-07-08 12:00:13 Wed , ERROR , getNewsData.py getAllNews line 83 , error
2020-07-08 12:30:13 Wed , ERROR , getNewsData.py getAllNews line 83 , error
2020-07-08 13:00:13 Wed , ERROR , getNewsData.py getAllNews line 83 , error
2020-07-08 13:30:13 Wed , ERROR , getNewsData.py getAllNews line 83 , error
2020-07-08 14:00:03 Wed , INFO , getNewsData.py getAllNews line 78 , 添加成功
2020-07-08 14:00:13 Wed , ERROR , getNewsData.py getAllNews line 83 , error
2020-07-08 14:30:13 Wed , ERROR , getNewsData.py getAllNews line 83 , error
2020-07-08 15:00:13 Wed , ERROR , getNewsData.py getAllNews line 83 , error
2020-07-08 15:30:13 Wed , ERROR , getNewsData.py getAllNews line 83 , error
2020-07-08 16:00:02 Wed , INFO , getNewsData.py getAllNews line 78 , 添加成功
2020-07-08 16:00:13 Wed , ERROR , getNewsData.py getAllNews line 83 , error
2020-07-08 16:30:03 Wed , INFO , getNewsData.py getAllNews line 78 , 添加成功
2020-07-08 16:30:03 Wed , INFO , getNewsData.py getAllNews line 78 , 添加成功
2020-07-08 16:30:03 Wed , INFO , getNewsData.py getAllNews line 78 , 添加成功
2020-07-08 16:30:04 Wed , INFO , getNewsData.py getAllNews line 78 , 添加成功
2020-07-09 08:00:03 Thu , INFO , getNewsData.py getAllNews line 78 , 添加成功
2020-07-09 08:30:02 Thu , INFO , getNewsData.py getAllNews line 78 , 添加成功
2020-07-09 10:30:02 Thu , INFO , getNewsData.py getAllNews line 78 , 添加成功
2020-07-09 13:30:02 Thu , INFO , getNewsData.py getAllNews line 78 , 添加成功
2020-07-09 13:30:03 Thu , INFO , getNewsData.py getAllNews line 78 , 添加成功
2020-07-09 13:30:03 Thu , INFO , getNewsData.py getAllNews line 78 , 添加成功
2020-07-09 13:30:03 Thu , INFO , getNewsData.py getAllNews line 78 , 添加成功
2020-07-09 17:30:02 Thu , INFO , getNewsData.py getAllNews line 78 , 添加成功
2020-07-09 17:30:02 Thu , INFO , getNewsData.py getAllNews line 78 , 添加成功
2020-07-10 08:00:03 Fri , INFO , getNewsData.py getAllNews line 78 , 添加成功
2020-07-10 08:00:03 Fri , INFO , getNewsData.py getAllNews line 78 , 添加成功
2020-07-10 08:00:03 Fri , INFO , getNewsData.py getAllNews line 78 , 添加成功
2020-07-10 08:30:03 Fri , INFO , getNewsData.py getAllNews line 78 , 添加成功
2020-07-10 08:30:03 Fri , INFO , getNewsData.py getAllNews line 78 , 添加成功
2020-07-10 12:00:02 Fri , INFO , getNewsData.py getAllNews line 78 , 添加成功
2020-07-10 12:00:02 Fri , INFO , getNewsData.py getAllNews line 78 , 添加成功
2020-07-10 12:00:02 Fri , INFO , getNewsData.py getAllNews line 78 , 添加成功
2020-07-10 12:00:03 Fri , INFO , getNewsData.py getAllNews line 78 , 添加成功
2020-07-10 12:30:03 Fri , INFO , getNewsData.py getAllNews line 78 , 添加成功
2020-07-10 14:30:02 Fri , INFO , getNewsData.py getAllNews line 78 , 添加成功
2020-07-10 15:00:02 Fri , INFO , getNewsData.py getAllNews line 78 , 添加成功
2020-07-10 16:30:03 Fri , INFO , getNewsData.py getAllNews line 78 , 添加成功
2020-07-10 17:00:02 Fri , INFO , getNewsData.py getAllNews line 78 , 添加成功
2020-07-10 17:00:03 Fri , INFO , getNewsData.py getAllNews line 78 , 添加成功
2020-07-10 18:00:02 Fri , INFO , getNewsData.py getAllNews line 78 , 添加成功
2020-07-10 18:30:02 Fri , INFO , getNewsData.py getAllNews line 78 , 添加成功
2020-07-12 16:30:03 Sun , INFO , getNewsData.py getAllNews line 78 , 添加成功
2020-07-13 08:00:03 Mon , INFO , getNewsData.py getAllNews line 78 , 添加成功
2020-07-13 08:30:03 Mon , INFO , getNewsData.py getAllNews line 78 , 添加成功
2020-07-13 10:30:02 Mon , INFO , getNewsData.py getAllNews line 78 , 添加成功
2020-07-13 10:30:02 Mon , INFO , getNewsData.py getAllNews line 78 , 添加成功
2020-07-13 10:30:03 Mon , INFO , getNewsData.py getAllNews line 78 , 添加成功
2020-07-13 10:30:03 Mon , INFO , getNewsData.py getAllNews line 78 , 添加成功
2020-07-13 10:30:03 Mon , INFO , getNewsData.py getAllNews line 78 , 添加成功
2020-07-13 15:00:13 Mon , ERROR , getNewsData.py getAllNews line 83 , error
2020-07-13 15:00:13 Mon , INFO , getNewsData.py getAllNews line 78 , 添加成功
2020-07-13 15:30:02 Mon , INFO , getNewsData.py getAllNews line 78 , 添加成功
2020-07-13 15:30:12 Mon , ERROR , getNewsData.py getAllNews line 83 , error
2020-07-13 16:00:13 Mon , ERROR , getNewsData.py getAllNews line 83 , error
2020-07-13 16:30:12 Mon , ERROR , getNewsData.py getAllNews line 83 , error
2020-07-13 17:00:12 Mon , ERROR , getNewsData.py getAllNews line 83 , error
2020-07-13 17:30:13 Mon , ERROR , getNewsData.py getAllNews line 83 , error
2020-07-13 18:00:13 Mon , ERROR , getNewsData.py getAllNews line 83 , error
2020-07-13 18:30:02 Mon , INFO , getNewsData.py getAllNews line 78 , 添加成功
2020-07-13 18:30:02 Mon , INFO , getNewsData.py getAllNews line 78 , 添加成功
2020-07-13 18:30:13 Mon , ERROR , getNewsData.py getAllNews line 83 , error
2020-07-13 18:30:13 Mon , INFO , getNewsData.py getAllNews line 78 , 添加成功
2020-07-13 18:30:13 Mon , INFO , getNewsData.py getAllNews line 78 , 添加成功
2020-07-14 08:00:03 Tue , INFO , getNewsData.py getAllNews line 78 , 添加成功
2020-07-14 08:00:03 Tue , INFO , getNewsData.py getAllNews line 78 , 添加成功
2020-07-14 08:00:03 Tue , INFO , getNewsData.py getAllNews line 78 , 添加成功
2020-07-14 08:00:03 Tue , INFO , getNewsData.py getAllNews line 78 , 添加成功
2020-07-14 11:00:02 Tue , INFO , getNewsData.py getAllNews line 78 , 添加成功
2020-07-14 11:00:03 Tue , INFO , getNewsData.py getAllNews line 78 , 添加成功
2020-07-14 18:00:02 Tue , INFO , getNewsData.py getAllNews line 78 , 添加成功
2020-07-14 18:30:03 Tue , INFO , getNewsData.py getAllNews line 78 , 添加成功
2020-07-14 18:30:03 Tue , INFO , getNewsData.py getAllNews line 78 , 添加成功
2020-07-14 18:30:04 Tue , INFO , getNewsData.py getAllNews line 78 , 添加成功
2020-07-15 08:00:03 Wed , INFO , getNewsData.py getAllNews line 78 , 添加成功
2020-07-15 08:00:03 Wed , INFO , getNewsData.py getAllNews line 78 , 添加成功
2020-07-15 09:30:02 Wed , INFO , getNewsData.py getAllNews line 78 , 添加成功
2020-07-15 10:00:03 Wed , INFO , getNewsData.py getAllNews line 78 , 添加成功
2020-07-15 10:00:03 Wed , INFO , getNewsData.py getAllNews line 78 , 添加成功
2020-07-15 13:30:02 Wed , INFO , getNewsData.py getAllNews line 78 , 添加成功
2020-07-15 16:30:02 Wed , INFO , getNewsData.py getAllNews line 78 , 添加成功
2020-07-15 16:30:02 Wed , INFO , getNewsData.py getAllNews line 78 , 添加成功
2020-07-15 17:30:02 Wed , INFO , getNewsData.py getAllNews line 78 , 添加成功
2020-07-15 18:00:02 Wed , INFO , getNewsData.py getAllNews line 78 , 添加成功
2020-07-15 18:00:02 Wed , INFO , getNewsData.py getAllNews line 78 , 添加成功
2020-07-15 18:00:03 Wed , INFO , getNewsData.py getAllNews line 78 , 添加成功
2020-07-15 18:00:03 Wed , INFO , getNewsData.py getAllNews line 78 , 添加成功
2020-07-16 08:00:03 Thu , INFO , getNewsData.py getAllNews line 78 , 添加成功
2020-07-16 08:00:03 Thu , INFO , getNewsData.py getAllNews line 78 , 添加成功
2020-07-16 08:00:03 Thu , INFO , getNewsData.py getAllNews line 78 , 添加成功
2020-07-16 08:00:03 Thu , INFO , getNewsData.py getAllNews line 78 , 添加成功
2020-07-16 10:00:03 Thu , INFO , getNewsData.py getAllNews line 78 , 添加成功
2020-07-16 13:30:03 Thu , INFO , getNewsData.py getAllNews line 78 , 添加成功
2020-07-16 13:30:03 Thu , INFO , getNewsData.py getAllNews line 78 , 添加成功
2020-07-16 13:30:03 Thu , INFO , getNewsData.py getAllNews line 78 , 添加成功
2020-07-16 13:30:03 Thu , INFO , getNewsData.py getAllNews line 78 , 添加成功
2020-07-16 14:00:03 Thu , INFO , getNewsData.py getAllNews line 78 , 添加成功
2020-07-16 14:00:03 Thu , INFO , getNewsData.py getAllNews line 78 , 添加成功
2020-07-16 17:00:02 Thu , INFO , getNewsData.py getAllNews line 78 , 添加成功
2020-07-16 17:00:02 Thu , INFO , getNewsData.py getAllNews line 78 , 添加成功
2020-07-16 17:00:03 Thu , INFO , getNewsData.py getAllNews line 78 , 添加成功
2020-07-16 17:00:03 Thu , INFO , getNewsData.py getAllNews line 78 , 添加成功
2020-07-16 17:30:02 Thu , INFO , getNewsData.py getAllNews line 78 , 添加成功
2020-07-17 08:00:03 Fri , INFO , getNewsData.py getAllNews line 78 , 添加成功
2020-07-17 08:00:03 Fri , INFO , getNewsData.py getAllNews line 78 , 添加成功
2020-07-17 08:00:04 Fri , INFO , getNewsData.py getAllNews line 78 , 添加成功
2020-07-17 10:30:02 Fri , INFO , getNewsData.py getAllNews line 78 , 添加成功
2020-07-17 10:30:02 Fri , INFO , getNewsData.py getAllNews line 78 , 添加成功
2020-07-17 10:30:03 Fri , INFO , getNewsData.py getAllNews line 78 , 添加成功
2020-07-17 10:30:03 Fri , INFO , getNewsData.py getAllNews line 78 , 添加成功
2020-07-17 10:30:03 Fri , INFO , getNewsData.py getAllNews line 78 , 添加成功
2020-07-17 10:30:03 Fri , INFO , getNewsData.py getAllNews line 78 , 添加成功
2020-07-17 15:00:03 Fri , INFO , getNewsData.py getAllNews line 78 , 添加成功
2020-07-17 15:30:02 Fri , INFO , getNewsData.py getAllNews line 78 , 添加成功
2020-07-17 17:00:02 Fri , INFO , getNewsData.py getAllNews line 78 , 添加成功
2020-07-17 17:00:03 Fri , INFO , getNewsData.py getAllNews line 78 , 添加成功
2020-07-19 08:00:03 Sun , INFO , getNewsData.py getAllNews line 78 , 添加成功
2020-07-19 10:00:03 Sun , INFO , getNewsData.py getAllNews line 78 , 添加成功
2020-07-20 08:00:03 Mon , INFO , getNewsData.py getAllNews line 78 , 添加成功
2020-07-20 09:30:02 Mon , INFO , getNewsData.py getAllNews line 78 , 添加成功
2020-07-20 10:00:03 Mon , INFO , getNewsData.py getAllNews line 78 , 添加成功
2020-07-20 10:00:03 Mon , INFO , getNewsData.py getAllNews line 78 , 添加成功
2020-07-20 10:00:04 Mon , INFO , getNewsData.py getAllNews line 78 , 添加成功
2020-07-20 11:00:03 Mon , INFO , getNewsData.py getAllNews line 78 , 添加成功
2020-07-20 11:00:04 Mon , INFO , getNewsData.py getAllNews line 78 , 添加成功
2020-07-20 15:00:02 Mon , INFO , getNewsData.py getAllNews line 78 , 添加成功
2020-07-20 15:00:03 Mon , INFO , getNewsData.py getAllNews line 78 , 添加成功
2020-07-20 16:30:05 Mon , INFO , getNewsData.py getAllNews line 78 , 添加成功
2020-07-20 18:00:03 Mon , INFO , getNewsData.py getAllNews line 78 , 添加成功
2020-07-20 18:00:03 Mon , INFO , getNewsData.py getAllNews line 78 , 添加成功
2020-07-21 08:00:04 Tue , INFO , getNewsData.py getAllNews line 78 , 添加成功
2020-07-21 08:00:04 Tue , INFO , getNewsData.py getAllNews line 78 , 添加成功
2020-07-21 08:00:04 Tue , INFO , getNewsData.py getAllNews line 78 , 添加成功
2020-07-21 08:30:04 Tue , INFO , getNewsData.py getAllNews line 78 , 添加成功
2020-07-21 08:30:04 Tue , INFO , getNewsData.py getAllNews line 78 , 添加成功
2020-07-21 10:30:03 Tue , INFO , getNewsData.py getAllNews line 78 , 添加成功
2020-07-21 10:30:03 Tue , INFO , getNewsData.py getAllNews line 78 , 添加成功
2020-07-21 15:00:02 Tue , INFO , getNewsData.py getAllNews line 78 , 添加成功
2020-07-22 08:00:03 Wed , INFO , getNewsData.py getAllNews line 78 , 添加成功
2020-07-22 08:00:04 Wed , INFO , getNewsData.py getAllNews line 78 , 添加成功
2020-07-22 08:00:04 Wed , INFO , getNewsData.py getAllNews line 78 , 添加成功
2020-07-22 10:00:03 Wed , INFO , getNewsData.py getAllNews line 78 , 添加成功
2020-07-22 10:00:04 Wed , INFO , getNewsData.py getAllNews line 78 , 添加成功
2020-07-22 10:30:03 Wed , INFO , getNewsData.py getAllNews line 78 , 添加成功
2020-07-22 10:30:03 Wed , INFO , getNewsData.py getAllNews line 78 , 添加成功
2020-07-22 11:00:02 Wed , INFO , getNewsData.py getAllNews line 78 , 添加成功
2020-07-22 12:00:02 Wed , INFO , getNewsData.py getAllNews line 78 , 添加成功
2020-07-22 12:00:03 Wed , INFO , getNewsData.py getAllNews line 78 , 添加成功
2020-07-22 12:00:03 Wed , INFO , getNewsData.py getAllNews line 78 , 添加成功
2020-07-22 12:00:03 Wed , INFO , getNewsData.py getAllNews line 78 , 添加成功
2020-07-22 13:00:03 Wed , INFO , getNewsData.py getAllNews line 78 , 添加成功
2020-07-22 13:30:03 Wed , INFO , getNewsData.py getAllNews line 78 , 添加成功
2020-07-22 13:30:03 Wed , INFO , getNewsData.py getAllNews line 78 , 添加成功
2020-07-22 17:00:03 Wed , INFO , getNewsData.py getAllNews line 78 , 添加成功
2020-07-23 08:00:03 Thu , INFO , getNewsData.py getAllNews line 78 , 添加成功
2020-07-23 08:00:03 Thu , INFO , getNewsData.py getAllNews line 78 , 添加成功
2020-07-23 08:00:04 Thu , INFO , getNewsData.py getAllNews line 78 , 添加成功
2020-07-23 08:00:04 Thu , INFO , getNewsData.py getAllNews line 78 , 添加成功
2020-07-23 09:30:03 Thu , INFO , getNewsData.py getAllNews line 78 , 添加成功
2020-07-23 09:30:04 Thu , INFO , getNewsData.py getAllNews line 78 , 添加成功
2020-07-23 14:30:04 Thu , INFO , getNewsData.py getAllNews line 78 , 添加成功
2020-07-23 14:30:04 Thu , INFO , getNewsData.py getAllNews line 78 , 添加成功
2020-07-23 18:30:03 Thu , INFO , getNewsData.py getAllNews line 78 , 添加成功
2020-07-24 08:00:04 Fri , INFO , getNewsData.py getAllNews line 78 , 添加成功
2020-07-24 08:00:05 Fri , INFO , getNewsData.py getAllNews line 78 , 添加成功
2020-07-24 08:00:05 Fri , INFO , getNewsData.py getAllNews line 78 , 添加成功
2020-07-24 08:00:05 Fri , INFO , getNewsData.py getAllNews line 78 , 添加成功
2020-07-24 09:00:04 Fri , INFO , getNewsData.py getAllNews line 78 , 添加成功
2020-07-24 09:00:04 Fri , INFO , getNewsData.py getAllNews line 78 , 添加成功
2020-07-24 09:00:05 Fri , INFO , getNewsData.py getAllNews line 78 , 添加成功
2020-07-24 09:30:04 Fri , INFO , getNewsData.py getAllNews line 78 , 添加成功
2020-07-24 17:00:03 Fri , INFO , getNewsData.py getAllNews line 78 , 添加成功
2020-07-24 18:30:03 Fri , INFO , getNewsData.py getAllNews line 78 , 添加成功
2020-07-25 08:00:03 Sat , INFO , getNewsData.py getAllNews line 78 , 添加成功
2020-07-25 10:00:03 Sat , INFO , getNewsData.py getAllNews line 78 , 添加成功
2020-07-25 10:30:03 Sat , INFO , getNewsData.py getAllNews line 78 , 添加成功
2020-07-25 11:00:03 Sat , INFO , getNewsData.py getAllNews line 78 , 添加成功
2020-07-25 11:30:03 Sat , INFO , getNewsData.py getAllNews line 78 , 添加成功
2020-07-25 11:30:03 Sat , INFO , getNewsData.py getAllNews line 78 , 添加成功
2020-07-25 12:00:03 Sat , INFO , getNewsData.py getAllNews line 78 , 添加成功
2020-07-25 12:30:03 Sat , INFO , getNewsData.py getAllNews line 78 , 添加成功
2020-07-25 12:30:03 Sat , INFO , getNewsData.py getAllNews line 78 , 添加成功
2020-07-25 15:00:03 Sat , INFO , getNewsData.py getAllNews line 78 , 添加成功
2020-07-25 15:30:04 Sat , INFO , getNewsData.py getAllNews line 78 , 添加成功
2020-07-25 16:00:03 Sat , INFO , getNewsData.py getAllNews line 78 , 添加成功
2020-07-26 18:30:02 Sun , INFO , getNewsData.py getAllNews line 78 , 添加成功
2020-07-27 08:00:04 Mon , INFO , getNewsData.py getAllNews line 78 , 添加成功
2020-07-27 08:00:05 Mon , INFO , getNewsData.py getAllNews line 78 , 添加成功
2020-07-27 08:00:05 Mon , INFO , getNewsData.py getAllNews line 78 , 添加成功
2020-07-27 08:00:05 Mon , INFO , getNewsData.py getAllNews line 78 , 添加成功
2020-07-27 08:30:04 Mon , INFO , getNewsData.py getAllNews line 78 , 添加成功
2020-07-27 08:30:05 Mon , INFO , getNewsData.py getAllNews line 78 , 添加成功
2020-07-27 12:00:04 Mon , INFO , getNewsData.py getAllNews line 78 , 添加成功
2020-07-27 12:00:04 Mon , INFO , getNewsData.py getAllNews line 78 , 添加成功
2020-07-27 15:00:04 Mon , INFO , getNewsData.py getAllNews line 78 , 添加成功
2020-07-27 15:30:03 Mon , INFO , getNewsData.py getAllNews line 78 , 添加成功
2020-07-27 17:00:02 Mon , INFO , getNewsData.py getAllNews line 78 , 添加成功
2020-07-27 17:00:03 Mon , INFO , getNewsData.py getAllNews line 78 , 添加成功
2020-07-28 08:00:05 Tue , INFO , getNewsData.py getAllNews line 78 , 添加成功
2020-07-28 08:00:05 Tue , INFO , getNewsData.py getAllNews line 78 , 添加成功
2020-07-28 10:00:03 Tue , INFO , getNewsData.py getAllNews line 78 , 添加成功
2020-07-28 11:30:03 Tue , INFO , getNewsData.py getAllNews line 78 , 添加成功
2020-07-28 18:00:04 Tue , INFO , getNewsData.py getAllNews line 78 , 添加成功
2020-07-28 18:00:04 Tue , INFO , getNewsData.py getAllNews line 78 , 添加成功
2020-07-28 18:00:04 Tue , INFO , getNewsData.py getAllNews line 78 , 添加成功
2020-07-29 08:00:03 Wed , INFO , getNewsData.py getAllNews line 78 , 添加成功
2020-07-29 08:00:04 Wed , INFO , getNewsData.py getAllNews line 78 , 添加成功
2020-07-29 08:00:04 Wed , INFO , getNewsData.py getAllNews line 78 , 添加成功
2020-07-29 08:00:04 Wed , INFO , getNewsData.py getAllNews line 78 , 添加成功
2020-07-29 08:30:04 Wed , INFO , getNewsData.py getAllNews line 78 , 添加成功
2020-07-29 10:30:02 Wed , INFO , getNewsData.py getAllNews line 78 , 添加成功
2020-07-29 10:30:03 Wed , INFO , getNewsData.py getAllNews line 78 , 添加成功
2020-07-29 17:30:05 Wed , INFO , getNewsData.py getAllNews line 78 , 添加成功
2020-07-29 17:30:05 Wed , INFO , getNewsData.py getAllNews line 78 , 添加成功
2020-07-29 17:30:05 Wed , INFO , getNewsData.py getAllNews line 78 , 添加成功
2020-07-29 18:00:03 Wed , INFO , getNewsData.py getAllNews line 78 , 添加成功
2020-07-30 08:00:03 Thu , INFO , getNewsData.py getAllNews line 78 , 添加成功
2020-07-30 08:00:04 Thu , INFO , getNewsData.py getAllNews line 78 , 添加成功
2020-07-30 10:30:03 Thu , INFO , getNewsData.py getAllNews line 78 , 添加成功
2020-07-30 11:00:03 Thu , INFO , getNewsData.py getAllNews line 78 , 添加成功
2020-07-30 12:00:03 Thu , INFO , getNewsData.py getAllNews line 78 , 添加成功
2020-07-30 12:00:05 Thu , INFO , getNewsData.py getAllNews line 78 , 添加成功
2020-07-30 12:00:05 Thu , INFO , getNewsData.py getAllNews line 78 , 添加成功
2020-07-30 12:00:05 Thu , INFO , getNewsData.py getAllNews line 78 , 添加成功
2020-07-30 12:00:06 Thu , INFO , getNewsData.py getAllNews line 78 , 添加成功
2020-07-30 18:30:04 Thu , INFO , getNewsData.py getAllNews line 78 , 添加成功
2020-07-31 08:00:03 Fri , INFO , getNewsData.py getAllNews line 78 , 添加成功
2020-07-31 11:00:03 Fri , INFO , getNewsData.py getAllNews line 78 , 添加成功
2020-07-31 11:00:03 Fri , INFO , getNewsData.py getAllNews line 78 , 添加成功
2020-07-31 11:00:04 Fri , INFO , getNewsData.py getAllNews line 78 , 添加成功
2020-07-31 11:30:03 Fri , INFO , getNewsData.py getAllNews line 78 , 添加成功
2020-07-31 11:30:04 Fri , INFO , getNewsData.py getAllNews line 78 , 添加成功
